<?xml version="1.0" ?>
<coverage branch-rate="0.1156" line-rate="0.2561" timestamp="1482409202227" version="4.2">
	<!-- Generated by coverage.py: https://coverage.readthedocs.io -->
	<!-- Based on https://raw.githubusercontent.com/cobertura/web/f0366e5e2cf18f111cbd61fc34ef720a6584ba02/htdocs/xml/coverage-03.dtd -->
	<sources/>
	<packages>
		<package branch-rate="0.09524" complexity="0" line-rate="0.1049" name=".Users.lol.eventifyEnv.lib.python2.7.site-packages.django.contrib.admin">
			<classes>
				<class branch-rate="1" complexity="0" filename="/Users/lol/eventifyEnv/lib/python2.7/site-packages/django/contrib/admin/__init__.py" line-rate="0.1" name="__init__.py">
					<methods/>
					<lines>
						<line hits="0" number="3"/>
						<line hits="0" number="4"/>
						<line hits="0" number="9"/>
						<line hits="0" number="10"/>
						<line hits="0" number="13"/>
						<line hits="0" number="14"/>
						<line hits="0" number="16"/>
						<line hits="0" number="25"/>
						<line hits="1" number="26"/>
						<line hits="0" number="29"/>
					</lines>
				</class>
				<class branch-rate="1" complexity="0" filename="/Users/lol/eventifyEnv/lib/python2.7/site-packages/django/contrib/admin/apps.py" line-rate="0.2308" name="apps.py">
					<methods/>
					<lines>
						<line hits="0" number="1"/>
						<line hits="0" number="2"/>
						<line hits="0" number="3"/>
						<line hits="0" number="4"/>
						<line hits="0" number="7"/>
						<line hits="0" number="10"/>
						<line hits="0" number="11"/>
						<line hits="0" number="13"/>
						<line hits="1" number="14"/>
						<line hits="0" number="17"/>
						<line hits="0" number="20"/>
						<line hits="1" number="21"/>
						<line hits="1" number="22"/>
					</lines>
				</class>
				<class branch-rate="0.2978" complexity="0" filename="/Users/lol/eventifyEnv/lib/python2.7/site-packages/django/contrib/admin/checks.py" line-rate="0.3117" name="checks.py">
					<methods/>
					<lines>
						<line hits="0" number="2"/>
						<line hits="0" number="4"/>
						<line hits="0" number="6"/>
						<line hits="0" number="9"/>
						<line hits="0" number="10"/>
						<line hits="0" number="11"/>
						<line hits="0" number="12"/>
						<line hits="0" number="17"/>
						<line hits="0" number="18"/>
						<line hits="0" number="20"/>
						<line hits="0" number="23"/>
						<line hits="0" number="25"/>
						<line hits="1" number="26"/>
						<line hits="1" number="27"/>
						<line hits="1" number="28"/>
						<line hits="1" number="29"/>
						<line hits="1" number="30"/>
						<line hits="1" number="31"/>
						<line hits="1" number="32"/>
						<line hits="1" number="33"/>
						<line hits="1" number="34"/>
						<line hits="1" number="35"/>
						<line hits="1" number="36"/>
						<line hits="1" number="37"/>
						<line hits="1" number="38"/>
						<line hits="1" number="39"/>
						<line hits="0" number="41"/>
						<line branch="true" condition-coverage="50% (1/2)" hits="1" missing-branches="46" number="45"/>
						<line hits="0" number="46"/>
						<line hits="1" number="48"/>
						<line hits="0" number="53"/>
						<line hits="0" number="58"/>
						<line hits="0" number="59"/>
						<line hits="0" number="60"/>
						<line hits="0" number="61"/>
						<line branch="true" condition-coverage="0% (0/2)" hits="0" missing-branches="65,68" number="64"/>
						<line hits="0" number="65"/>
						<line hits="0" number="68"/>
						<line hits="0" number="70"/>
						<line branch="true" condition-coverage="50% (1/2)" hits="1" missing-branches="77" number="75"/>
						<line hits="1" number="76"/>
						<line branch="true" condition-coverage="0% (0/2)" hits="0" missing-branches="78,79" number="77"/>
						<line hits="0" number="78"/>
						<line branch="true" condition-coverage="0% (0/2)" hits="0" missing-branches="80,88" number="79"/>
						<line hits="0" number="80"/>
						<line hits="0" number="88"/>
						<line branch="true" condition-coverage="0% (0/2)" hits="0" missing-branches="90,99" number="89"/>
						<line hits="0" number="90"/>
						<line hits="0" number="99"/>
						<line hits="0" number="104"/>
						<line branch="true" condition-coverage="100% (2/2)" hits="1" number="108"/>
						<line hits="1" number="109"/>
						<line branch="true" condition-coverage="50% (1/2)" hits="1" missing-branches="111" number="110"/>
						<line hits="0" number="111"/>
						<line hits="1" number="113"/>
						<line hits="0" number="118"/>
						<line branch="true" condition-coverage="50% (1/2)" hits="1" missing-branches="123" number="122"/>
						<line hits="0" number="123"/>
						<line branch="true" condition-coverage="50% (1/2)" hits="1" missing-branches="125" number="124"/>
						<line hits="0" number="125"/>
						<line branch="true" condition-coverage="50% (1/2)" hits="1" missing-branches="127" number="126"/>
						<line hits="0" number="127"/>
						<line branch="true" condition-coverage="50% (1/2)" hits="1" missing-branches="129" number="128"/>
						<line hits="0" number="129"/>
						<line branch="true" condition-coverage="50% (1/2)" hits="1" missing-branches="138" number="137"/>
						<line hits="0" number="138"/>
						<line hits="1" number="140"/>
						<line branch="true" condition-coverage="50% (1/2)" hits="1" missing-branches="142" number="141"/>
						<line hits="0" number="142"/>
						<line hits="1" number="150"/>
						<line hits="0" number="155"/>
						<line branch="true" condition-coverage="50% (1/2)" hits="1" missing-branches="161" number="160"/>
						<line hits="0" number="161"/>
						<line hits="1" number="166"/>
						<line hits="0" number="168"/>
						<line branch="true" condition-coverage="50% (1/2)" hits="1" missing-branches="173" number="169"/>
						<line hits="0" number="173"/>
						<line hits="1" number="175"/>
						<line hits="1" number="176"/>
						<line hits="0" number="177"/>
						<line hits="0" number="180"/>
						<line branch="true" condition-coverage="50% (1/2)" hits="1" missing-branches="184" number="182"/>
						<line hits="0" number="184"/>
						<line hits="1" number="195"/>
						<line hits="0" number="197"/>
						<line branch="true" condition-coverage="50% (1/2)" hits="1" missing-branches="202" number="200"/>
						<line hits="1" number="201"/>
						<line branch="true" condition-coverage="0% (0/2)" hits="0" missing-branches="203,204" number="202"/>
						<line hits="0" number="203"/>
						<line branch="true" condition-coverage="0% (0/2)" hits="0" missing-branches="205,214" number="204"/>
						<line hits="0" number="205"/>
						<line hits="0" number="214"/>
						<line hits="0" number="216"/>
						<line branch="true" condition-coverage="50% (1/2)" hits="1" missing-branches="220" number="219"/>
						<line hits="0" number="220"/>
						<line hits="1" number="223"/>
						<line hits="0" number="225"/>
						<line branch="true" condition-coverage="50% (1/2)" hits="1" missing-branches="229" number="228"/>
						<line hits="0" number="229"/>
						<line branch="true" condition-coverage="50% (1/2)" hits="1" missing-branches="231" number="230"/>
						<line hits="0" number="231"/>
						<line hits="1" number="233"/>
						<line hits="0" number="238"/>
						<line branch="true" condition-coverage="50% (1/2)" hits="1" missing-branches="242" number="241"/>
						<line hits="0" number="242"/>
						<line branch="true" condition-coverage="50% (1/2)" hits="1" missing-branches="244" number="243"/>
						<line hits="0" number="244"/>
						<line hits="1" number="246"/>
						<line hits="0" number="251"/>
						<line hits="1" number="255"/>
						<line hits="1" number="256"/>
						<line hits="0" number="257"/>
						<line hits="0" number="258"/>
						<line branch="true" condition-coverage="50% (1/2)" hits="1" missing-branches="262" number="261"/>
						<line hits="0" number="262"/>
						<line hits="1" number="264"/>
						<line hits="0" number="266"/>
						<line branch="true" condition-coverage="50% (1/2)" hits="1" missing-branches="270" number="269"/>
						<line hits="0" number="270"/>
						<line branch="true" condition-coverage="50% (1/2)" hits="1" missing-branches="272" number="271"/>
						<line hits="0" number="272"/>
						<line hits="1" number="274"/>
						<line hits="0" number="280"/>
						<line hits="0" number="284"/>
						<line hits="0" number="285"/>
						<line hits="0" number="286"/>
						<line hits="0" number="287"/>
						<line branch="true" condition-coverage="0% (0/2)" hits="0" missing-branches="291,303" number="290"/>
						<line hits="0" number="291"/>
						<line hits="0" number="303"/>
						<line hits="0" number="305"/>
						<line hits="0" number="308"/>
						<line branch="true" condition-coverage="0% (0/2)" hits="0" missing-branches="311,320" number="310"/>
						<line hits="0" number="311"/>
						<line hits="0" number="320"/>
						<line hits="0" number="322"/>
						<line branch="true" condition-coverage="50% (1/2)" hits="1" missing-branches="336" number="323"/>
						<line branch="true" condition-coverage="50% (1/2)" hits="1" missing-branches="325" number="324"/>
						<line hits="0" number="325"/>
						<line hits="1" number="334"/>
						<line hits="0" number="336"/>
						<line hits="0" number="338"/>
						<line branch="true" condition-coverage="50% (1/2)" hits="1" missing-branches="343" number="342"/>
						<line hits="0" number="343"/>
						<line branch="true" condition-coverage="50% (1/2)" hits="1" missing-branches="345" number="344"/>
						<line hits="0" number="345"/>
						<line hits="1" number="347"/>
						<line hits="0" number="353"/>
						<line hits="0" number="358"/>
						<line hits="0" number="364"/>
						<line hits="0" number="365"/>
						<line hits="0" number="366"/>
						<line hits="0" number="367"/>
						<line branch="true" condition-coverage="0% (0/2)" hits="0" missing-branches="371,383" number="370"/>
						<line hits="0" number="371"/>
						<line hits="0" number="383"/>
						<line hits="0" number="385"/>
						<line branch="true" condition-coverage="0% (0/2)" hits="0" missing-branches="390,392" number="389"/>
						<line hits="0" number="390"/>
						<line hits="0" number="392"/>
						<line hits="0" number="397"/>
						<line hits="0" number="401"/>
						<line hits="0" number="402"/>
						<line hits="0" number="403"/>
						<line hits="0" number="404"/>
						<line hits="0" number="407"/>
						<line hits="0" number="409"/>
						<line branch="true" condition-coverage="50% (1/2)" hits="1" missing-branches="414" number="413"/>
						<line hits="0" number="414"/>
						<line branch="true" condition-coverage="50% (1/2)" hits="1" missing-branches="416" number="415"/>
						<line hits="0" number="416"/>
						<line hits="1" number="418"/>
						<line hits="0" number="423"/>
						<line branch="true" condition-coverage="50% (1/2)" hits="1" missing-branches="427" number="426"/>
						<line hits="0" number="427"/>
						<line branch="true" condition-coverage="50% (1/2)" hits="1" missing-branches="437" number="436"/>
						<line hits="0" number="437"/>
						<line branch="true" condition-coverage="50% (1/2)" hits="1" missing-branches="441" number="438"/>
						<line hits="0" number="441"/>
						<line branch="true" condition-coverage="50% (1/2)" hits="1" missing-branches="444" number="443"/>
						<line hits="0" number="444"/>
						<line hits="1" number="446"/>
						<line hits="1" number="447"/>
						<line hits="0" number="448"/>
						<line hits="0" number="449"/>
						<line hits="1" number="452"/>
						<line hits="0" number="454"/>
						<line branch="true" condition-coverage="50% (1/2)" hits="1" missing-branches="459" number="457"/>
						<line hits="1" number="458"/>
						<line branch="true" condition-coverage="0% (0/2)" hits="0" missing-branches="460,462" number="459"/>
						<line hits="0" number="460"/>
						<line hits="0" number="462"/>
						<line hits="0" number="467"/>
						<line branch="true" condition-coverage="0% (0/2)" hits="0" missing-branches="469,470" number="468"/>
						<line hits="0" number="469"/>
						<line branch="true" condition-coverage="0% (0/2)" hits="0" missing-branches="471,472" number="470"/>
						<line hits="0" number="471"/>
						<line branch="true" condition-coverage="0% (0/2)" hits="0" missing-branches="473,475" number="472"/>
						<line hits="0" number="473"/>
						<line hits="0" number="475"/>
						<line hits="0" number="476"/>
						<line hits="0" number="477"/>
						<line hits="0" number="478"/>
						<line hits="0" number="489"/>
						<line hits="0" number="492"/>
						<line hits="0" number="494"/>
						<line hits="1" number="495"/>
						<line hits="1" number="496"/>
						<line hits="1" number="497"/>
						<line hits="1" number="498"/>
						<line hits="1" number="499"/>
						<line hits="1" number="500"/>
						<line hits="1" number="501"/>
						<line hits="1" number="502"/>
						<line hits="1" number="503"/>
						<line hits="1" number="504"/>
						<line hits="1" number="505"/>
						<line hits="1" number="506"/>
						<line hits="1" number="507"/>
						<line hits="1" number="508"/>
						<line hits="0" number="510"/>
						<line branch="true" condition-coverage="50% (1/2)" hits="1" missing-branches="514" number="513"/>
						<line hits="0" number="514"/>
						<line hits="1" number="517"/>
						<line hits="0" number="519"/>
						<line branch="true" condition-coverage="50% (1/2)" hits="1" missing-branches="523" number="522"/>
						<line hits="0" number="523"/>
						<line hits="1" number="526"/>
						<line hits="0" number="528"/>
						<line branch="true" condition-coverage="50% (1/2)" hits="1" missing-branches="532" number="531"/>
						<line hits="0" number="532"/>
						<line hits="1" number="534"/>
						<line hits="0" number="539"/>
						<line hits="0" number="541"/>
						<line hits="0" number="543"/>
						<line branch="true" condition-coverage="0% (0/2)" hits="0" missing-branches="546,554" number="545"/>
						<line hits="0" number="546"/>
						<line branch="true" condition-coverage="0% (0/2)" hits="0" missing-branches="555,563" number="554"/>
						<line hits="0" number="555"/>
						<line branch="true" condition-coverage="0% (0/2)" hits="0" missing-branches="564,567" number="563"/>
						<line hits="0" number="564"/>
						<line hits="0" number="567"/>
						<line hits="0" number="569"/>
						<line branch="true" condition-coverage="50% (1/2)" hits="1" missing-branches="574" number="573"/>
						<line hits="0" number="574"/>
						<line hits="1" number="576"/>
						<line hits="0" number="581"/>
						<line branch="true" condition-coverage="50% (1/2)" hits="1" missing-branches="583" number="582"/>
						<line hits="0" number="583"/>
						<line branch="true" condition-coverage="100% (2/2)" hits="1" number="584"/>
						<line hits="1" number="585"/>
						<line branch="true" condition-coverage="50% (1/2)" hits="1" missing-branches="588" number="586"/>
						<line hits="0" number="588"/>
						<line hits="0" number="589"/>
						<line hits="0" number="590"/>
						<line hits="0" number="591"/>
						<line hits="0" number="592"/>
						<line hits="0" number="593"/>
						<line hits="0" number="594"/>
						<line branch="true" condition-coverage="0% (0/2)" hits="0" missing-branches="597,608" number="596"/>
						<line hits="0" number="597"/>
						<line branch="true" condition-coverage="0% (0/2)" hits="0" missing-branches="609,618" number="608"/>
						<line hits="0" number="609"/>
						<line hits="0" number="618"/>
						<line hits="1" number="620"/>
						<line hits="1" number="621"/>
						<line hits="0" number="622"/>
						<line hits="0" number="623"/>
						<line hits="1" number="637"/>
						<line hits="0" number="639"/>
						<line branch="true" condition-coverage="50% (1/2)" hits="1" missing-branches="644" number="643"/>
						<line hits="0" number="644"/>
						<line branch="true" condition-coverage="50% (1/2)" hits="1" missing-branches="646" number="645"/>
						<line hits="0" number="646"/>
						<line hits="1" number="648"/>
						<line hits="0" number="653"/>
						<line branch="true" condition-coverage="0% (0/2)" hits="0" missing-branches="655,666" number="654"/>
						<line hits="0" number="655"/>
						<line hits="0" number="666"/>
						<line hits="0" number="668"/>
						<line branch="true" condition-coverage="50% (1/2)" hits="1" missing-branches="670" number="669"/>
						<line hits="0" number="670"/>
						<line hits="1" number="672"/>
						<line hits="0" number="677"/>
						<line hits="1" number="686"/>
						<line branch="true" condition-coverage="50% (1/2)" hits="1" missing-branches="690" number="688"/>
						<line branch="true" condition-coverage="0% (0/2)" hits="0" missing-branches="691,694" number="690"/>
						<line hits="0" number="691"/>
						<line branch="true" condition-coverage="0% (0/2)" hits="0" missing-branches="695,704" number="694"/>
						<line hits="0" number="695"/>
						<line hits="0" number="704"/>
						<line branch="true" condition-coverage="50% (1/2)" hits="1" missing-branches="707" number="705"/>
						<line hits="0" number="707"/>
						<line branch="true" condition-coverage="0% (0/2)" hits="0" missing-branches="709,712" number="708"/>
						<line hits="0" number="709"/>
						<line hits="0" number="712"/>
						<line hits="1" number="715"/>
						<line hits="1" number="718"/>
						<line hits="1" number="719"/>
						<line hits="0" number="720"/>
						<line hits="0" number="721"/>
						<line hits="1" number="730"/>
						<line hits="0" number="732"/>
						<line branch="true" condition-coverage="50% (1/2)" hits="1" missing-branches="736" number="735"/>
						<line hits="0" number="736"/>
						<line hits="1" number="739"/>
						<line hits="0" number="741"/>
						<line branch="true" condition-coverage="50% (1/2)" hits="1" missing-branches="745" number="744"/>
						<line hits="0" number="745"/>
						<line hits="1" number="747"/>
						<line hits="0" number="749"/>
						<line branch="true" condition-coverage="50% (1/2)" hits="1" missing-branches="753" number="752"/>
						<line hits="0" number="753"/>
						<line hits="1" number="755"/>
						<line hits="0" number="757"/>
						<line branch="true" condition-coverage="50% (1/2)" hits="1" missing-branches="762" number="761"/>
						<line hits="0" number="762"/>
						<line hits="1" number="764"/>
						<line hits="0" number="769"/>
						<line hits="0" number="770"/>
						<line hits="0" number="771"/>
						<line hits="0" number="772"/>
						<line hits="0" number="773"/>
						<line branch="true" condition-coverage="0% (0/2)" hits="0" missing-branches="777,786" number="776"/>
						<line hits="0" number="777"/>
						<line branch="true" condition-coverage="0% (0/2)" hits="0" missing-branches="787,797" number="786"/>
						<line hits="0" number="787"/>
						<line branch="true" condition-coverage="0% (0/2)" hits="0" missing-branches="799,810" number="797"/>
						<line hits="0" number="799"/>
						<line branch="true" condition-coverage="0% (0/2)" hits="0" missing-branches="811,822" number="810"/>
						<line hits="0" number="811"/>
						<line hits="0" number="822"/>
						<line hits="0" number="824"/>
						<line branch="true" condition-coverage="50% (1/2)" hits="1" missing-branches="828" number="827"/>
						<line hits="0" number="828"/>
						<line hits="1" number="830"/>
						<line hits="0" number="832"/>
						<line branch="true" condition-coverage="50% (1/2)" hits="1" missing-branches="838" number="835"/>
						<line hits="1" number="836"/>
						<line hits="0" number="838"/>
						<line hits="0" number="839"/>
						<line hits="0" number="840"/>
						<line hits="0" number="841"/>
						<line branch="true" condition-coverage="0% (0/2)" hits="0" missing-branches="846,849" number="845"/>
						<line hits="0" number="846"/>
						<line hits="0" number="849"/>
						<line hits="0" number="852"/>
						<line hits="0" number="854"/>
						<line hits="0" number="855"/>
						<line hits="0" number="856"/>
						<line hits="0" number="857"/>
						<line hits="0" number="858"/>
						<line hits="0" number="859"/>
						<line hits="0" number="860"/>
						<line hits="0" number="861"/>
						<line hits="0" number="862"/>
						<line hits="0" number="863"/>
						<line hits="0" number="865"/>
						<line hits="0" number="868"/>
						<line branch="true" condition-coverage="0% (0/2)" hits="0" missing-branches="870,873" number="869"/>
						<line hits="0" number="870"/>
						<line branch="true" condition-coverage="0% (0/2)" hits="0" missing-branches="874,876" number="873"/>
						<line hits="0" number="874"/>
						<line branch="true" condition-coverage="0% (0/2)" hits="0" missing-branches="877,879" number="876"/>
						<line hits="0" number="877"/>
						<line hits="0" number="879"/>
						<line branch="true" condition-coverage="0% (0/2)" hits="0" missing-branches="881,893" number="880"/>
						<line hits="0" number="881"/>
						<line hits="0" number="893"/>
						<line hits="0" number="895"/>
						<line hits="0" number="896"/>
						<line hits="0" number="897"/>
						<line hits="0" number="898"/>
						<line hits="0" number="899"/>
						<line hits="0" number="901"/>
						<line hits="0" number="903"/>
						<line branch="true" condition-coverage="0% (0/2)" hits="0" missing-branches="907,909" number="906"/>
						<line hits="0" number="907"/>
						<line hits="0" number="909"/>
						<line hits="0" number="911"/>
						<line branch="true" condition-coverage="0% (0/2)" hits="0" missing-branches="915,916" number="914"/>
						<line hits="0" number="915"/>
						<line branch="true" condition-coverage="0% (0/2)" hits="0" missing-branches="917,919" number="916"/>
						<line hits="0" number="917"/>
						<line hits="0" number="919"/>
						<line hits="0" number="921"/>
						<line branch="true" condition-coverage="0% (0/2)" hits="0" missing-branches="925,926" number="924"/>
						<line hits="0" number="925"/>
						<line branch="true" condition-coverage="0% (0/2)" hits="0" missing-branches="927,929" number="926"/>
						<line hits="0" number="927"/>
						<line hits="0" number="929"/>
						<line hits="0" number="931"/>
						<line branch="true" condition-coverage="0% (0/2)" hits="0" missing-branches="935,938" number="934"/>
						<line hits="0" number="935"/>
						<line hits="0" number="938"/>
						<line hits="0" number="941"/>
						<line hits="0" number="942"/>
						<line hits="0" number="952"/>
						<line hits="0" number="953"/>
						<line hits="0" number="963"/>
						<line hits="0" number="964"/>
					</lines>
				</class>
				<class branch-rate="0.5" complexity="0" filename="/Users/lol/eventifyEnv/lib/python2.7/site-packages/django/contrib/admin/decorators.py" line-rate="0.75" name="decorators.py">
					<methods/>
					<lines>
						<line hits="0" number="1"/>
						<line hits="1" number="13"/>
						<line hits="1" number="14"/>
						<line hits="1" number="16"/>
						<line hits="1" number="17"/>
						<line branch="true" condition-coverage="50% (1/2)" hits="1" missing-branches="20" number="19"/>
						<line hits="0" number="20"/>
						<line branch="true" condition-coverage="50% (1/2)" hits="1" missing-branches="23" number="22"/>
						<line hits="0" number="23"/>
						<line hits="1" number="25"/>
						<line hits="1" number="27"/>
						<line hits="1" number="28"/>
					</lines>
				</class>
				<class branch-rate="0.2" complexity="0" filename="/Users/lol/eventifyEnv/lib/python2.7/site-packages/django/contrib/admin/models.py" line-rate="0.6491" name="models.py">
					<methods/>
					<lines>
						<line hits="1" number="1"/>
						<line hits="1" number="3"/>
						<line hits="1" number="4"/>
						<line hits="1" number="5"/>
						<line hits="1" number="6"/>
						<line hits="1" number="7"/>
						<line hits="1" number="8"/>
						<line hits="1" number="9"/>
						<line hits="1" number="10"/>
						<line hits="1" number="12"/>
						<line hits="1" number="13"/>
						<line hits="1" number="14"/>
						<line hits="1" number="17"/>
						<line hits="1" number="18"/>
						<line hits="1" number="20"/>
						<line hits="0" number="21"/>
						<line branch="true" condition-coverage="100% (2/2)" hits="1" number="31"/>
						<line hits="1" number="32"/>
						<line hits="1" number="33"/>
						<line hits="1" number="38"/>
						<line hits="1" number="43"/>
						<line hits="1" number="49"/>
						<line hits="1" number="50"/>
						<line hits="1" number="51"/>
						<line hits="1" number="52"/>
						<line hits="1" number="54"/>
						<line hits="1" number="56"/>
						<line hits="1" number="57"/>
						<line hits="1" number="58"/>
						<line hits="1" number="59"/>
						<line hits="1" number="60"/>
						<line hits="1" number="62"/>
						<line hits="0" number="63"/>
						<line hits="1" number="65"/>
						<line branch="true" condition-coverage="0% (0/2)" hits="0" missing-branches="67,68" number="66"/>
						<line hits="0" number="67"/>
						<line branch="true" condition-coverage="0% (0/2)" hits="0" missing-branches="69,73" number="68"/>
						<line hits="0" number="69"/>
						<line branch="true" condition-coverage="0% (0/2)" hits="0" missing-branches="74,76" number="73"/>
						<line hits="0" number="74"/>
						<line hits="0" number="76"/>
						<line hits="1" number="78"/>
						<line hits="0" number="79"/>
						<line hits="1" number="81"/>
						<line hits="0" number="82"/>
						<line hits="1" number="84"/>
						<line hits="0" number="85"/>
						<line hits="1" number="87"/>
						<line hits="0" number="89"/>
						<line hits="1" number="91"/>
						<line branch="true" condition-coverage="0% (0/2)" hits="0" missing-branches="96,101" number="95"/>
						<line hits="0" number="96"/>
						<line hits="0" number="97"/>
						<line hits="0" number="98"/>
						<line hits="0" number="99"/>
						<line hits="0" number="100"/>
						<line hits="0" number="101"/>
					</lines>
				</class>
				<class branch-rate="0" complexity="0" filename="/Users/lol/eventifyEnv/lib/python2.7/site-packages/django/contrib/admin/options.py" line-rate="0.008448" name="options.py">
					<methods/>
					<lines>
						<line hits="0" number="1"/>
						<line hits="0" number="2"/>
						<line hits="0" number="3"/>
						<line hits="0" number="4"/>
						<line hits="0" number="6"/>
						<line hits="0" number="7"/>
						<line hits="0" number="8"/>
						<line hits="0" number="9"/>
						<line hits="0" number="10"/>
						<line hits="0" number="13"/>
						<line hits="0" number="14"/>
						<line hits="0" number="15"/>
						<line hits="0" number="16"/>
						<line hits="0" number="20"/>
						<line hits="0" number="21"/>
						<line hits="0" number="24"/>
						<line hits="0" number="25"/>
						<line hits="0" number="26"/>
						<line hits="0" number="27"/>
						<line hits="0" number="28"/>
						<line hits="0" number="29"/>
						<line hits="0" number="30"/>
						<line hits="0" number="34"/>
						<line hits="0" number="35"/>
						<line hits="0" number="36"/>
						<line hits="0" number="37"/>
						<line hits="0" number="38"/>
						<line hits="0" number="39"/>
						<line hits="0" number="40"/>
						<line hits="0" number="41"/>
						<line hits="0" number="42"/>
						<line hits="0" number="43"/>
						<line hits="0" number="44"/>
						<line hits="0" number="45"/>
						<line hits="0" number="46"/>
						<line hits="0" number="47"/>
						<line hits="0" number="49"/>
						<line hits="0" number="50"/>
						<line hits="0" number="53"/>
						<line hits="0" number="56"/>
						<line hits="0" number="59"/>
						<line hits="0" number="60"/>
						<line hits="0" number="63"/>
						<line hits="0" number="64"/>
						<line hits="0" number="67"/>
						<line hits="0" number="68"/>
						<line hits="0" number="73"/>
						<line hits="0" number="90"/>
						<line hits="0" number="93"/>
						<line hits="0" number="96"/>
						<line hits="0" number="97"/>
						<line hits="0" number="98"/>
						<line hits="0" number="99"/>
						<line hits="0" number="100"/>
						<line hits="0" number="101"/>
						<line hits="0" number="102"/>
						<line hits="0" number="103"/>
						<line hits="0" number="104"/>
						<line hits="0" number="105"/>
						<line hits="0" number="106"/>
						<line hits="0" number="107"/>
						<line hits="0" number="108"/>
						<line hits="0" number="109"/>
						<line hits="0" number="110"/>
						<line hits="0" number="112"/>
						<line hits="1" number="113"/>
						<line hits="0" number="115"/>
						<line hits="1" number="116"/>
						<line hits="1" number="117"/>
						<line hits="1" number="118"/>
						<line hits="0" number="120"/>
						<line hits="0" number="127"/>
						<line branch="true" condition-coverage="0% (0/2)" hits="0" missing-branches="132,135" number="131"/>
						<line hits="0" number="132"/>
						<line branch="true" condition-coverage="0% (0/2)" hits="0" missing-branches="140,170" number="135"/>
						<line branch="true" condition-coverage="0% (0/2)" hits="0" missing-branches="141,144" number="140"/>
						<line hits="0" number="141"/>
						<line branch="true" condition-coverage="0% (0/2)" hits="0" missing-branches="145,146" number="144"/>
						<line hits="0" number="145"/>
						<line branch="true" condition-coverage="0% (0/2)" hits="0" missing-branches="147,153" number="146"/>
						<line hits="0" number="147"/>
						<line branch="true" condition-coverage="0% (0/2)" hits="0" missing-branches="154,166" number="153"/>
						<line hits="0" number="154"/>
						<line hits="0" number="155"/>
						<line branch="true" condition-coverage="0% (0/2)" hits="0" missing-branches="157,162" number="156"/>
						<line hits="0" number="157"/>
						<line hits="0" number="162"/>
						<line hits="0" number="166"/>
						<line branch="true" condition-coverage="0% (0/2)" hits="0" missing-branches="171,176" number="170"/>
						<line branch="true" condition-coverage="0% (0/2)" hits="0" missing-branches="170,172" number="171"/>
						<line hits="0" number="172"/>
						<line hits="0" number="173"/>
						<line hits="0" number="176"/>
						<line hits="0" number="178"/>
						<line branch="true" condition-coverage="0% (0/2)" hits="0" missing-branches="185,194" number="183"/>
						<line branch="true" condition-coverage="0% (0/2)" hits="0" missing-branches="186,189" number="185"/>
						<line hits="0" number="186"/>
						<line branch="true" condition-coverage="0% (0/2)" hits="0" missing-branches="190,194" number="189"/>
						<line hits="0" number="190"/>
						<line hits="0" number="194"/>
						<line hits="0" number="196"/>
						<line hits="0" number="202"/>
						<line branch="true" condition-coverage="0% (0/2)" hits="0" missing-branches="204,207" number="203"/>
						<line hits="0" number="204"/>
						<line branch="true" condition-coverage="0% (0/2)" hits="0" missing-branches="206,207" number="205"/>
						<line hits="0" number="206"/>
						<line hits="0" number="207"/>
						<line hits="0" number="209"/>
						<line hits="0" number="213"/>
						<line branch="true" condition-coverage="0% (0/2)" hits="0" missing-branches="215,217" number="214"/>
						<line hits="0" number="215"/>
						<line branch="true" condition-coverage="0% (0/2)" hits="0" missing-branches="218,223" number="217"/>
						<line hits="0" number="218"/>
						<line hits="0" number="221"/>
						<line branch="true" condition-coverage="0% (0/2)" hits="0" missing-branches="224,228" number="223"/>
						<line hits="0" number="224"/>
						<line branch="true" condition-coverage="0% (0/2)" hits="0" missing-branches="226,228" number="225"/>
						<line hits="0" number="226"/>
						<line hits="0" number="228"/>
						<line hits="0" number="230"/>
						<line branch="true" condition-coverage="0% (0/2)" hits="0" missing-branches="237,238" number="236"/>
						<line hits="0" number="237"/>
						<line hits="0" number="238"/>
						<line branch="true" condition-coverage="0% (0/2)" hits="0" missing-branches="241,244" number="240"/>
						<line hits="0" number="241"/>
						<line hits="0" number="243"/>
						<line branch="true" condition-coverage="0% (0/2)" hits="0" missing-branches="245,250" number="244"/>
						<line hits="0" number="245"/>
						<line branch="true" condition-coverage="0% (0/2)" hits="0" missing-branches="251,255" number="250"/>
						<line hits="0" number="251"/>
						<line branch="true" condition-coverage="0% (0/2)" hits="0" missing-branches="253,255" number="252"/>
						<line hits="0" number="253"/>
						<line hits="0" number="255"/>
						<line branch="true" condition-coverage="0% (0/2)" hits="0" missing-branches="257,260" number="256"/>
						<line hits="0" number="257"/>
						<line hits="0" number="258"/>
						<line hits="0" number="259"/>
						<line hits="0" number="260"/>
						<line hits="0" number="262"/>
						<line branch="true" condition-coverage="0% (0/2)" hits="0" missing-branches="264,266" number="263"/>
						<line hits="0" number="264"/>
						<line branch="true" condition-coverage="0% (0/2)" hits="0" missing-branches="267,268" number="266"/>
						<line hits="0" number="267"/>
						<line branch="true" condition-coverage="0% (0/2)" hits="0" missing-branches="exit,270" number="268"/>
						<line hits="0" number="270"/>
						<line hits="0" number="275"/>
						<line hits="0" number="279"/>
						<line hits="0" number="280"/>
						<line hits="0" number="281"/>
						<line hits="0" number="282"/>
						<line hits="0" number="284"/>
						<line hits="0" number="288"/>
						<line hits="0" number="290"/>
						<line branch="true" condition-coverage="0% (0/2)" hits="0" missing-branches="295,296" number="294"/>
						<line hits="0" number="295"/>
						<line hits="0" number="296"/>
						<line hits="0" number="298"/>
						<line hits="0" number="302"/>
						<line hits="0" number="304"/>
						<line hits="0" number="308"/>
						<line hits="0" number="310"/>
						<line hits="0" number="314"/>
						<line hits="0" number="316"/>
						<line hits="0" number="321"/>
						<line hits="0" number="323"/>
						<line branch="true" condition-coverage="0% (0/2)" hits="0" missing-branches="325,326" number="324"/>
						<line hits="0" number="325"/>
						<line hits="0" number="326"/>
						<line hits="0" number="328"/>
						<line hits="0" number="329"/>
						<line hits="0" number="331"/>
						<line branch="true" condition-coverage="0% (0/2)" hits="0" missing-branches="337,343" number="335"/>
						<line branch="true" condition-coverage="0% (0/2)" hits="0" missing-branches="338,339" number="337"/>
						<line hits="0" number="338"/>
						<line branch="true" condition-coverage="0% (0/2)" hits="0" missing-branches="335,340" number="339"/>
						<line branch="true" condition-coverage="0% (0/2)" hits="0" missing-branches="339,341" number="340"/>
						<line hits="0" number="341"/>
						<line hits="0" number="343"/>
						<line hits="0" number="344"/>
						<line branch="true" condition-coverage="0% (0/2)" hits="0" missing-branches="346,365" number="345"/>
						<line hits="0" number="346"/>
						<line hits="0" number="347"/>
						<line hits="0" number="348"/>
						<line hits="0" number="351"/>
						<line branch="true" condition-coverage="0% (0/2)" hits="0" missing-branches="357,358" number="355"/>
						<line hits="0" number="357"/>
						<line branch="true" condition-coverage="0% (0/2)" hits="0" missing-branches="361,362" number="358"/>
						<line hits="0" number="361"/>
						<line hits="0" number="362"/>
						<line hits="0" number="363"/>
						<line branch="true" condition-coverage="0% (0/2)" hits="0" missing-branches="367,368" number="365"/>
						<line hits="0" number="367"/>
						<line hits="0" number="368"/>
						<line hits="0" number="369"/>
						<line branch="true" condition-coverage="0% (0/2)" hits="0" missing-branches="371,377" number="370"/>
						<line branch="true" condition-coverage="0% (0/2)" hits="0" missing-branches="372,373" number="371"/>
						<line hits="0" number="372"/>
						<line branch="true" condition-coverage="0% (0/2)" hits="0" missing-branches="374,376" number="373"/>
						<line hits="0" number="374"/>
						<line hits="0" number="376"/>
						<line hits="0" number="377"/>
						<line hits="0" number="379"/>
						<line hits="0" number="384"/>
						<line hits="0" number="386"/>
						<line hits="0" number="387"/>
						<line hits="0" number="388"/>
						<line hits="0" number="389"/>
						<line branch="true" condition-coverage="0% (0/2)" hits="0" missing-branches="394,398" number="393"/>
						<line hits="0" number="394"/>
						<line branch="true" condition-coverage="0% (0/2)" hits="0" missing-branches="399,404" number="398"/>
						<line branch="true" condition-coverage="0% (0/2)" hits="0" missing-branches="398,400" number="399"/>
						<line hits="0" number="400"/>
						<line hits="0" number="404"/>
						<line branch="true" condition-coverage="0% (0/2)" hits="0" missing-branches="406,410" number="405"/>
						<line hits="0" number="406"/>
						<line branch="true" condition-coverage="0% (0/2)" hits="0" missing-branches="405,408" number="407"/>
						<line hits="0" number="408"/>
						<line branch="true" condition-coverage="0% (0/2)" hits="0" missing-branches="exit,414" number="410"/>
						<line branch="true" condition-coverage="0% (0/2)" hits="0" missing-branches="415,422" number="414"/>
						<line hits="0" number="415"/>
						<line hits="0" number="416"/>
						<line branch="true" condition-coverage="0% (0/3)" hits="0" missing-branches="exit,414,420" number="417"/>
						<line hits="0" number="420"/>
						<line hits="0" number="422"/>
						<line hits="0" number="424"/>
						<line hits="0" number="429"/>
						<line hits="0" number="430"/>
						<line hits="0" number="431"/>
						<line hits="0" number="433"/>
						<line hits="0" number="444"/>
						<line hits="0" number="445"/>
						<line hits="0" number="446"/>
						<line hits="0" number="448"/>
						<line hits="0" number="459"/>
						<line hits="0" number="460"/>
						<line hits="0" number="461"/>
						<line hits="0" number="463"/>
						<line hits="0" number="474"/>
						<line branch="true" condition-coverage="0% (0/2)" hits="0" missing-branches="478,479" number="477"/>
						<line hits="0" number="478"/>
						<line hits="0" number="481"/>
						<line hits="0" number="482"/>
						<line hits="0" number="483"/>
						<line hits="0" number="484"/>
						<line hits="0" number="485"/>
						<line hits="0" number="486"/>
						<line hits="0" number="487"/>
						<line hits="0" number="488"/>
						<line hits="0" number="489"/>
						<line hits="0" number="490"/>
						<line hits="0" number="491"/>
						<line hits="0" number="492"/>
						<line hits="0" number="493"/>
						<line hits="0" number="494"/>
						<line hits="0" number="497"/>
						<line hits="0" number="498"/>
						<line hits="0" number="499"/>
						<line hits="0" number="500"/>
						<line hits="0" number="501"/>
						<line hits="0" number="502"/>
						<line hits="0" number="505"/>
						<line hits="0" number="506"/>
						<line hits="0" number="507"/>
						<line hits="0" number="508"/>
						<line hits="0" number="509"/>
						<line hits="0" number="510"/>
						<line hits="0" number="512"/>
						<line hits="1" number="513"/>
						<line hits="1" number="514"/>
						<line hits="1" number="515"/>
						<line hits="1" number="516"/>
						<line hits="0" number="518"/>
						<line hits="0" number="519"/>
						<line hits="0" number="521"/>
						<line hits="0" number="522"/>
						<line branch="true" condition-coverage="0% (0/2)" hits="0" missing-branches="524,534" number="523"/>
						<line hits="0" number="524"/>
						<line branch="true" condition-coverage="0% (0/2)" hits="0" missing-branches="526,532" number="525"/>
						<line branch="true" condition-coverage="0% (0/2)" hits="0" missing-branches="529,530" number="526"/>
						<line hits="0" number="529"/>
						<line branch="true" condition-coverage="0% (0/2)" hits="0" missing-branches="531,532" number="530"/>
						<line hits="0" number="531"/>
						<line hits="0" number="532"/>
						<line hits="0" number="534"/>
						<line hits="0" number="536"/>
						<line hits="0" number="537"/>
						<line hits="0" number="539"/>
						<line hits="0" number="540"/>
						<line hits="0" number="541"/>
						<line hits="0" number="542"/>
						<line hits="0" number="543"/>
						<line hits="0" number="545"/>
						<line hits="0" number="547"/>
						<line hits="0" number="558"/>
						<line hits="0" number="560"/>
						<line hits="0" number="561"/>
						<line hits="0" number="562"/>
						<line hits="0" number="564"/>
						<line hits="0" number="566"/>
						<line hits="0" number="567"/>
						<line hits="0" number="577"/>
						<line hits="0" number="579"/>
						<line hits="0" number="585"/>
						<line hits="0" number="591"/>
						<line branch="true" condition-coverage="0% (0/2)" hits="0" missing-branches="593,594" number="592"/>
						<line hits="0" number="593"/>
						<line hits="0" number="594"/>
						<line hits="0" number="595"/>
						<line hits="0" number="597"/>
						<line branch="true" condition-coverage="0% (0/2)" hits="0" missing-branches="603,605" number="602"/>
						<line hits="0" number="603"/>
						<line hits="0" number="605"/>
						<line branch="true" condition-coverage="0% (0/2)" hits="0" missing-branches="607,609" number="606"/>
						<line hits="0" number="607"/>
						<line hits="0" number="609"/>
						<line hits="0" number="610"/>
						<line hits="0" number="611"/>
						<line branch="true" condition-coverage="0% (0/2)" hits="0" missing-branches="615,618" number="612"/>
						<line hits="0" number="615"/>
						<line hits="0" number="618"/>
						<line branch="true" condition-coverage="0% (0/2)" hits="0" missing-branches="exit,625" number="621"/>
						<line hits="0" number="625"/>
						<line hits="0" number="627"/>
						<line hits="0" number="633"/>
						<line branch="true" condition-coverage="0% (0/2)" hits="0" missing-branches="636,638" number="635"/>
						<line hits="0" number="636"/>
						<line hits="0" number="638"/>
						<line hits="0" number="639"/>
						<line hits="0" number="640"/>
						<line hits="0" number="641"/>
						<line hits="0" number="644"/>
						<line hits="0" number="648"/>
						<line hits="0" number="649"/>
						<line hits="0" number="651"/>
						<line hits="0" number="657"/>
						<line hits="0" number="658"/>
						<line hits="0" number="659"/>
						<line hits="0" number="660"/>
						<line hits="0" number="661"/>
						<line hits="0" number="662"/>
						<line hits="0" number="663"/>
						<line hits="0" number="664"/>
						<line hits="0" number="666"/>
						<line hits="0" number="670"/>
						<line hits="0" number="673"/>
						<line branch="true" condition-coverage="0% (0/2)" hits="0" missing-branches="676,678" number="674"/>
						<line hits="0" number="676"/>
						<line hits="0" number="678"/>
						<line hits="0" number="680"/>
						<line hits="0" number="685"/>
						<line hits="0" number="688"/>
						<line hits="0" number="689"/>
						<line hits="0" number="693"/>
						<line branch="true" condition-coverage="0% (0/2)" hits="0" missing-branches="exit,698" number="697"/>
						<line hits="0" number="698"/>
						<line hits="0" number="700"/>
						<line hits="0" number="701"/>
						<line hits="0" number="703"/>
						<line hits="0" number="709"/>
						<line hits="0" number="710"/>
						<line hits="0" number="719"/>
						<line hits="0" number="725"/>
						<line hits="0" number="726"/>
						<line hits="0" number="735"/>
						<line hits="0" number="742"/>
						<line hits="0" number="743"/>
						<line hits="0" number="751"/>
						<line hits="0" number="755"/>
						<line hits="0" number="756"/>
						<line hits="0" number="758"/>
						<line branch="true" condition-coverage="0% (0/2)" hits="0" missing-branches="766,768" number="765"/>
						<line hits="0" number="766"/>
						<line hits="0" number="768"/>
						<line branch="true" condition-coverage="0% (0/2)" hits="0" missing-branches="772,777" number="771"/>
						<line hits="0" number="772"/>
						<line hits="0" number="773"/>
						<line branch="true" condition-coverage="0% (0/2)" hits="0" missing-branches="778,785" number="777"/>
						<line hits="0" number="778"/>
						<line branch="true" condition-coverage="0% (0/2)" hits="0" missing-branches="781,782" number="780"/>
						<line hits="0" number="781"/>
						<line branch="true" condition-coverage="0% (0/2)" hits="0" missing-branches="exit,777" number="782"/>
						<line hits="0" number="785"/>
						<line branch="true" condition-coverage="0% (0/2)" hits="0" missing-branches="exit,793" number="788"/>
						<line hits="0" number="793"/>
						<line hits="0" number="795"/>
						<line hits="0" number="800"/>
						<line branch="true" condition-coverage="0% (0/2)" hits="0" missing-branches="802,804" number="801"/>
						<line hits="0" number="802"/>
						<line hits="0" number="803"/>
						<line hits="0" number="804"/>
						<line hits="0" number="806"/>
						<line branch="true" condition-coverage="0% (0/2)" hits="0" missing-branches="814,820" number="813"/>
						<line hits="0" number="814"/>
						<line hits="0" number="815"/>
						<line branch="true" condition-coverage="0% (0/2)" hits="0" missing-branches="821,825" number="820"/>
						<line hits="0" number="821"/>
						<line hits="0" number="825"/>
						<line hits="0" number="826"/>
						<line hits="0" number="827"/>
						<line hits="0" number="828"/>
						<line branch="true" condition-coverage="0% (0/2)" hits="0" missing-branches="831,833" number="830"/>
						<line hits="0" number="831"/>
						<line hits="0" number="833"/>
						<line hits="0" number="834"/>
						<line hits="0" number="836"/>
						<line hits="0" number="841"/>
						<line hits="0" number="843"/>
						<line branch="true" condition-coverage="0% (0/2)" hits="0" missing-branches="850,853" number="849"/>
						<line hits="0" number="850"/>
						<line hits="0" number="853"/>
						<line hits="0" number="855"/>
						<line hits="0" number="860"/>
						<line hits="0" number="862"/>
						<line hits="0" number="867"/>
						<line hits="0" number="869"/>
						<line hits="0" number="874"/>
						<line hits="0" number="876"/>
						<line hits="0" number="882"/>
						<line branch="true" condition-coverage="0% (0/2)" hits="0" missing-branches="884,885" number="883"/>
						<line hits="0" number="884"/>
						<line branch="true" condition-coverage="0% (0/2)" hits="0" missing-branches="886,887" number="885"/>
						<line hits="0" number="886"/>
						<line branch="true" condition-coverage="0% (0/2)" hits="0" missing-branches="888,890" number="887"/>
						<line hits="0" number="888"/>
						<line hits="0" number="890"/>
						<line hits="0" number="892"/>
						<line hits="0" number="893"/>
						<line branch="true" condition-coverage="0% (0/2)" hits="0" missing-branches="895,907" number="894"/>
						<line hits="0" number="895"/>
						<line branch="true" condition-coverage="0% (0/2)" hits="0" missing-branches="898,901" number="897"/>
						<line hits="0" number="898"/>
						<line hits="0" number="900"/>
						<line branch="true" condition-coverage="0% (0/2)" hits="0" missing-branches="902,907" number="901"/>
						<line branch="true" condition-coverage="0% (0/2)" hits="0" missing-branches="903,907" number="902"/>
						<line branch="true" condition-coverage="0% (0/2)" hits="0" missing-branches="902,904" number="903"/>
						<line hits="0" number="904"/>
						<line hits="0" number="905"/>
						<line hits="0" number="907"/>
						<line hits="0" number="909"/>
						<line hits="0" number="913"/>
						<line branch="true" condition-coverage="0% (0/2)" hits="0" missing-branches="915,925" number="914"/>
						<line hits="0" number="915"/>
						<line hits="0" number="916"/>
						<line hits="0" number="917"/>
						<line branch="true" condition-coverage="0% (0/2)" hits="0" missing-branches="919,921" number="918"/>
						<line hits="0" number="919"/>
						<line hits="0" number="921"/>
						<line branch="true" condition-coverage="0% (0/2)" hits="0" missing-branches="924,925" number="923"/>
						<line hits="0" number="924"/>
						<line hits="0" number="925"/>
						<line hits="0" number="927"/>
						<line hits="0" number="931"/>
						<line branch="true" condition-coverage="0% (0/2)" hits="0" missing-branches="933,934" number="932"/>
						<line hits="0" number="933"/>
						<line branch="true" condition-coverage="0% (0/2)" hits="0" missing-branches="935,937" number="934"/>
						<line hits="0" number="935"/>
						<line branch="true" condition-coverage="0% (0/2)" hits="0" missing-branches="938,952" number="937"/>
						<line branch="true" condition-coverage="0% (0/2)" hits="0" missing-branches="939,952" number="938"/>
						<line branch="true" condition-coverage="0% (0/2)" hits="0" missing-branches="940,943" number="939"/>
						<line hits="0" number="940"/>
						<line branch="true" condition-coverage="0% (0/2)" hits="0" missing-branches="944,948" number="943"/>
						<line hits="0" number="944"/>
						<line branch="true" condition-coverage="0% (0/2)" hits="0" missing-branches="938,949" number="948"/>
						<line hits="0" number="949"/>
						<line hits="0" number="952"/>
						<line hits="0" number="953"/>
						<line hits="0" number="955"/>
						<line branch="true" condition-coverage="0% (0/2)" hits="0" missing-branches="969,977" number="967"/>
						<line hits="0" number="969"/>
						<line hits="0" number="970"/>
						<line hits="0" number="971"/>
						<line hits="0" number="972"/>
						<line branch="true" condition-coverage="0% (0/2)" hits="0" missing-branches="exit,974" number="973"/>
						<line hits="0" number="974"/>
						<line hits="0" number="977"/>
						<line hits="0" number="980"/>
						<line hits="0" number="985"/>
						<line hits="0" number="987"/>
						<line hits="0" number="991"/>
						<line hits="0" number="993"/>
						<line hits="0" number="997"/>
						<line hits="0" number="999"/>
						<line hits="0" number="1003"/>
						<line hits="0" number="1005"/>
						<line hits="0" number="1013"/>
						<line branch="true" condition-coverage="0% (0/2)" hits="0" missing-branches="exit,1015" number="1014"/>
						<line hits="0" number="1015"/>
						<line hits="0" number="1017"/>
						<line hits="0" number="1018"/>
						<line hits="0" number="1019"/>
						<line hits="0" number="1020"/>
						<line hits="0" number="1021"/>
						<line hits="0" number="1022"/>
						<line hits="0" number="1023"/>
						<line branch="true" condition-coverage="0% (0/2)" hits="0" missing-branches="1042,1044" number="1041"/>
						<line hits="0" number="1042"/>
						<line hits="0" number="1044"/>
						<line hits="0" number="1046"/>
						<line hits="0" number="1048"/>
						<line hits="0" number="1054"/>
						<line hits="0" number="1058"/>
						<line hits="0" number="1059"/>
						<line hits="0" number="1060"/>
						<line hits="0" number="1061"/>
						<line branch="true" condition-coverage="0% (0/2)" hits="0" missing-branches="1066,1077" number="1065"/>
						<line hits="0" number="1066"/>
						<line branch="true" condition-coverage="0% (0/2)" hits="0" missing-branches="1068,1070" number="1067"/>
						<line hits="0" number="1068"/>
						<line hits="0" number="1070"/>
						<line hits="0" number="1071"/>
						<line hits="0" number="1072"/>
						<line branch="true" condition-coverage="0% (0/2)" hits="0" missing-branches="1078,1091" number="1077"/>
						<line hits="0" number="1078"/>
						<line hits="0" number="1079"/>
						<line branch="true" condition-coverage="0% (0/2)" hits="0" missing-branches="1081,1085" number="1080"/>
						<line hits="0" number="1081"/>
						<line hits="0" number="1085"/>
						<line hits="0" number="1089"/>
						<line branch="true" condition-coverage="0% (0/2)" hits="0" missing-branches="1092,1099" number="1091"/>
						<line hits="0" number="1092"/>
						<line hits="0" number="1093"/>
						<line hits="0" number="1094"/>
						<line hits="0" number="1095"/>
						<line hits="0" number="1096"/>
						<line hits="0" number="1099"/>
						<line hits="0" number="1100"/>
						<line hits="0" number="1101"/>
						<line hits="0" number="1103"/>
						<line branch="true" condition-coverage="0% (0/2)" hits="0" missing-branches="1109,1121" number="1108"/>
						<line hits="0" number="1109"/>
						<line hits="0" number="1110"/>
						<line hits="0" number="1112"/>
						<line hits="0" number="1113"/>
						<line hits="0" number="1114"/>
						<line hits="0" number="1121"/>
						<line hits="0" number="1122"/>
						<line hits="0" number="1123"/>
						<line hits="0" number="1125"/>
						<line branch="true" condition-coverage="0% (0/2)" hits="0" missing-branches="1127,1133" number="1126"/>
						<line hits="0" number="1127"/>
						<line hits="0" number="1128"/>
						<line hits="0" number="1129"/>
						<line hits="0" number="1130"/>
						<line hits="0" number="1131"/>
						<line branch="true" condition-coverage="0% (0/2)" hits="0" missing-branches="1134,1143" number="1133"/>
						<line hits="0" number="1134"/>
						<line hits="0" number="1135"/>
						<line hits="0" number="1136"/>
						<line hits="0" number="1140"/>
						<line hits="0" number="1141"/>
						<line branch="true" condition-coverage="0% (0/2)" hits="0" missing-branches="1144,1153" number="1143"/>
						<line hits="0" number="1144"/>
						<line hits="0" number="1145"/>
						<line hits="0" number="1146"/>
						<line hits="0" number="1149"/>
						<line hits="0" number="1150"/>
						<line hits="0" number="1153"/>
						<line hits="0" number="1154"/>
						<line hits="0" number="1155"/>
						<line hits="0" number="1157"/>
						<line hits="0" number="1162"/>
						<line branch="true" condition-coverage="0% (0/2)" hits="0" missing-branches="1164,1170" number="1163"/>
						<line hits="0" number="1164"/>
						<line hits="0" number="1167"/>
						<line hits="0" number="1168"/>
						<line hits="0" number="1170"/>
						<line hits="0" number="1172"/>
						<line hits="0" number="1174"/>
						<line hits="0" number="1179"/>
						<line branch="true" condition-coverage="0% (0/2)" hits="0" missing-branches="1182,1188" number="1181"/>
						<line hits="0" number="1182"/>
						<line hits="0" number="1185"/>
						<line hits="0" number="1186"/>
						<line hits="0" number="1188"/>
						<line hits="0" number="1190"/>
						<line hits="0" number="1192"/>
						<line hits="0" number="1202"/>
						<line hits="0" number="1203"/>
						<line hits="0" number="1204"/>
						<line hits="0" number="1205"/>
						<line hits="0" number="1208"/>
						<line hits="0" number="1209"/>
						<line hits="0" number="1210"/>
						<line hits="0" number="1213"/>
						<line hits="0" number="1214"/>
						<line hits="0" number="1215"/>
						<line hits="0" number="1219"/>
						<line hits="0" number="1221"/>
						<line hits="0" number="1222"/>
						<line branch="true" condition-coverage="0% (0/2)" hits="0" missing-branches="1226,1255" number="1225"/>
						<line hits="0" number="1226"/>
						<line hits="0" number="1227"/>
						<line hits="0" number="1228"/>
						<line hits="0" number="1233"/>
						<line branch="true" condition-coverage="0% (0/2)" hits="0" missing-branches="1236,1241" number="1234"/>
						<line hits="0" number="1236"/>
						<line hits="0" number="1238"/>
						<line hits="0" number="1239"/>
						<line branch="true" condition-coverage="0% (0/2)" hits="0" missing-branches="1243,1245" number="1241"/>
						<line hits="0" number="1243"/>
						<line hits="0" number="1245"/>
						<line branch="true" condition-coverage="0% (0/2)" hits="0" missing-branches="1251,1253" number="1250"/>
						<line hits="0" number="1251"/>
						<line hits="0" number="1253"/>
						<line hits="0" number="1255"/>
						<line hits="0" number="1256"/>
						<line hits="0" number="1257"/>
						<line hits="0" number="1259"/>
						<line hits="0" number="1264"/>
						<line branch="true" condition-coverage="0% (0/2)" hits="0" missing-branches="1267,1272" number="1266"/>
						<line hits="0" number="1267"/>
						<line hits="0" number="1272"/>
						<line branch="true" condition-coverage="0% (0/2)" hits="0" missing-branches="1279,1287" number="1278"/>
						<line hits="0" number="1279"/>
						<line hits="0" number="1282"/>
						<line hits="0" number="1283"/>
						<line hits="0" number="1287"/>
						<line hits="0" number="1289"/>
						<line hits="0" number="1291"/>
						<line hits="0" number="1292"/>
						<line hits="0" number="1293"/>
						<line hits="0" number="1295"/>
						<line hits="0" number="1296"/>
						<line hits="0" number="1301"/>
						<line hits="0" number="1308"/>
						<line hits="0" number="1310"/>
						<line branch="true" condition-coverage="0% (0/2)" hits="0" missing-branches="1312,1318" number="1311"/>
						<line hits="0" number="1312"/>
						<line hits="0" number="1313"/>
						<line hits="0" number="1314"/>
						<line hits="0" number="1315"/>
						<line hits="0" number="1317"/>
						<line hits="0" number="1318"/>
						<line hits="0" number="1320"/>
						<line hits="0" number="1325"/>
						<line branch="true" condition-coverage="0% (0/2)" hits="0" missing-branches="1327,1334" number="1326"/>
						<line hits="0" number="1327"/>
						<line hits="0" number="1328"/>
						<line hits="0" number="1329"/>
						<line hits="0" number="1330"/>
						<line branch="true" condition-coverage="0% (0/2)" hits="0" missing-branches="1326,1333" number="1332"/>
						<line hits="0" number="1333"/>
						<line hits="0" number="1334"/>
						<line hits="0" number="1336"/>
						<line hits="0" number="1337"/>
						<line hits="0" number="1338"/>
						<line hits="0" number="1340"/>
						<line branch="true" condition-coverage="0% (0/2)" hits="0" missing-branches="1342,1344" number="1341"/>
						<line hits="0" number="1342"/>
						<line hits="0" number="1344"/>
						<line hits="0" number="1345"/>
						<line hits="0" number="1346"/>
						<line branch="true" condition-coverage="0% (0/2)" hits="0" missing-branches="1349,1354" number="1348"/>
						<line branch="true" condition-coverage="0% (0/2)" hits="0" missing-branches="1350,1351" number="1349"/>
						<line hits="0" number="1350"/>
						<line hits="0" number="1351"/>
						<line hits="0" number="1354"/>
						<line branch="true" condition-coverage="0% (0/2)" hits="0" missing-branches="1357,1359" number="1356"/>
						<line hits="0" number="1357"/>
						<line branch="true" condition-coverage="0% (0/2)" hits="0" missing-branches="1360,1363" number="1359"/>
						<line hits="0" number="1360"/>
						<line branch="true" condition-coverage="0% (0/2)" hits="0" missing-branches="1364,1367" number="1363"/>
						<line hits="0" number="1364"/>
						<line hits="0" number="1365"/>
						<line hits="0" number="1367"/>
						<line branch="true" condition-coverage="0% (0/2)" hits="0" missing-branches="1369,1390" number="1368"/>
						<line hits="0" number="1369"/>
						<line branch="true" condition-coverage="0% (0/2)" hits="0" missing-branches="1371,1374" number="1370"/>
						<line hits="0" number="1371"/>
						<line hits="0" number="1372"/>
						<line hits="0" number="1374"/>
						<line hits="0" number="1375"/>
						<line hits="0" number="1376"/>
						<line branch="true" condition-coverage="0% (0/2)" hits="0" missing-branches="1378,1388" number="1377"/>
						<line hits="0" number="1378"/>
						<line hits="0" number="1379"/>
						<line hits="0" number="1380"/>
						<line branch="true" condition-coverage="0% (0/2)" hits="0" missing-branches="1382,1385" number="1381"/>
						<line hits="0" number="1382"/>
						<line hits="0" number="1383"/>
						<line hits="0" number="1385"/>
						<line hits="0" number="1386"/>
						<line hits="0" number="1388"/>
						<line branch="true" condition-coverage="0% (0/2)" hits="0" missing-branches="1391,1395" number="1390"/>
						<line hits="0" number="1391"/>
						<line hits="0" number="1392"/>
						<line hits="0" number="1393"/>
						<line hits="0" number="1395"/>
						<line hits="0" number="1396"/>
						<line hits="0" number="1398"/>
						<line hits="0" number="1404"/>
						<line hits="0" number="1406"/>
						<line branch="true" condition-coverage="0% (0/2)" hits="0" missing-branches="1408,1410" number="1407"/>
						<line hits="0" number="1408"/>
						<line hits="0" number="1410"/>
						<line branch="true" condition-coverage="0% (0/2)" hits="0" missing-branches="1427,1430" number="1426"/>
						<line hits="0" number="1427"/>
						<line hits="0" number="1428"/>
						<line hits="0" number="1430"/>
						<line hits="0" number="1432"/>
						<line hits="0" number="1434"/>
						<line hits="0" number="1435"/>
						<line hits="0" number="1437"/>
						<line hits="0" number="1438"/>
						<line hits="0" number="1440"/>
						<line hits="0" number="1441"/>
						<line hits="0" number="1445"/>
						<line hits="0" number="1446"/>
						<line hits="0" number="1447"/>
						<line branch="true" condition-coverage="0% (0/2)" hits="0" missing-branches="1449,1451" number="1448"/>
						<line hits="0" number="1449"/>
						<line hits="0" number="1451"/>
						<line hits="0" number="1452"/>
						<line hits="0" number="1453"/>
						<line hits="0" number="1454"/>
						<line hits="0" number="1455"/>
						<line hits="0" number="1458"/>
						<line branch="true" condition-coverage="0% (0/2)" hits="0" missing-branches="1461,1463" number="1459"/>
						<line hits="0" number="1461"/>
						<line hits="0" number="1463"/>
						<line hits="0" number="1464"/>
						<line hits="0" number="1465"/>
						<line hits="0" number="1470"/>
						<line branch="true" condition-coverage="0% (0/2)" hits="0" missing-branches="1478,1481" number="1477"/>
						<line hits="0" number="1478"/>
						<line hits="0" number="1481"/>
						<line hits="0" number="1487"/>
						<line hits="0" number="1488"/>
						<line branch="true" condition-coverage="0% (0/2)" hits="0" missing-branches="1493,1506" number="1491"/>
						<line branch="true" condition-coverage="0% (0/2)" hits="0" missing-branches="1494,1500" number="1493"/>
						<line hits="0" number="1494"/>
						<line branch="true" condition-coverage="0% (0/2)" hits="0" missing-branches="1496,1498" number="1495"/>
						<line hits="0" number="1496"/>
						<line hits="0" number="1498"/>
						<line hits="0" number="1500"/>
						<line hits="0" number="1502"/>
						<line hits="0" number="1503"/>
						<line branch="true" condition-coverage="0% (0/2)" hits="0" missing-branches="1509,1519" number="1506"/>
						<line branch="true" condition-coverage="0% (0/2)" hits="0" missing-branches="1510,1519" number="1509"/>
						<line hits="0" number="1510"/>
						<line branch="true" condition-coverage="0% (0/2)" hits="0" missing-branches="1512,1514" number="1511"/>
						<line hits="0" number="1512"/>
						<line hits="0" number="1514"/>
						<line hits="0" number="1519"/>
						<line branch="true" condition-coverage="0% (0/2)" hits="0" missing-branches="1524,1552" number="1522"/>
						<line hits="0" number="1524"/>
						<line hits="0" number="1525"/>
						<line branch="true" condition-coverage="0% (0/2)" hits="0" missing-branches="1527,1557" number="1526"/>
						<line hits="0" number="1527"/>
						<line branch="true" condition-coverage="0% (0/2)" hits="0" missing-branches="1529,1537" number="1528"/>
						<line branch="true" condition-coverage="0% (0/2)" hits="0" missing-branches="1528,1530" number="1529"/>
						<line hits="0" number="1530"/>
						<line hits="0" number="1531"/>
						<line hits="0" number="1532"/>
						<line hits="0" number="1533"/>
						<line hits="0" number="1534"/>
						<line hits="0" number="1535"/>
						<line branch="true" condition-coverage="0% (0/2)" hits="0" missing-branches="1538,1549" number="1537"/>
						<line branch="true" condition-coverage="0% (0/2)" hits="0" missing-branches="1539,1541" number="1538"/>
						<line hits="0" number="1539"/>
						<line hits="0" number="1541"/>
						<line hits="0" number="1542"/>
						<line hits="0" number="1547"/>
						<line hits="0" number="1549"/>
						<line branch="true" condition-coverage="0% (0/2)" hits="0" missing-branches="1553,1557" number="1552"/>
						<line hits="0" number="1553"/>
						<line hits="0" number="1554"/>
						<line branch="true" condition-coverage="0% (0/2)" hits="0" missing-branches="1558,1560" number="1557"/>
						<line hits="0" number="1558"/>
						<line hits="0" number="1560"/>
						<line branch="true" condition-coverage="0% (0/2)" hits="0" missing-branches="1564,1567" number="1563"/>
						<line hits="0" number="1564"/>
						<line hits="0" number="1565"/>
						<line hits="0" number="1567"/>
						<line hits="0" number="1569"/>
						<line hits="0" number="1572"/>
						<line hits="0" number="1590"/>
						<line hits="0" number="1592"/>
						<line hits="0" number="1594"/>
						<line hits="0" number="1600"/>
						<line hits="0" number="1601"/>
						<line hits="0" number="1602"/>
						<line hits="0" number="1604"/>
						<line hits="0" number="1605"/>
						<line hits="0" number="1607"/>
						<line branch="true" condition-coverage="0% (0/2)" hits="0" missing-branches="1609,1611" number="1608"/>
						<line hits="0" number="1609"/>
						<line hits="0" number="1611"/>
						<line branch="true" condition-coverage="0% (0/2)" hits="0" missing-branches="1614,1616" number="1613"/>
						<line hits="0" number="1614"/>
						<line branch="true" condition-coverage="0% (0/2)" hits="0" missing-branches="1617,1622" number="1616"/>
						<line hits="0" number="1617"/>
						<line hits="0" number="1622"/>
						<line hits="0" number="1626"/>
						<line branch="true" condition-coverage="0% (0/2)" hits="0" missing-branches="1630,1640" number="1629"/>
						<line branch="true" condition-coverage="0% (0/2)" hits="0" missing-branches="1631,1632" number="1630"/>
						<line hits="0" number="1631"/>
						<line hits="0" number="1632"/>
						<line hits="0" number="1633"/>
						<line hits="0" number="1634"/>
						<line hits="0" number="1635"/>
						<line hits="0" number="1636"/>
						<line hits="0" number="1638"/>
						<line hits="0" number="1640"/>
						<line branch="true" condition-coverage="0% (0/2)" hits="0" missing-branches="1643,1645" number="1642"/>
						<line hits="0" number="1643"/>
						<line hits="0" number="1645"/>
						<line hits="0" number="1647"/>
						<line hits="0" number="1663"/>
						<line hits="0" number="1665"/>
						<line hits="0" number="1667"/>
						<line hits="0" number="1669"/>
						<line hits="0" number="1671"/>
						<line hits="0" number="1672"/>
						<line branch="true" condition-coverage="0% (0/2)" hits="0" missing-branches="1674,1679" number="1673"/>
						<line hits="0" number="1674"/>
						<line branch="true" condition-coverage="0% (0/2)" hits="0" missing-branches="1680,1683" number="1679"/>
						<line hits="0" number="1680"/>
						<line hits="0" number="1683"/>
						<line hits="0" number="1684"/>
						<line hits="0" number="1685"/>
						<line hits="0" number="1690"/>
						<line hits="0" number="1698"/>
						<line hits="0" number="1700"/>
						<line hits="0" number="1702"/>
						<line hits="0" number="1708"/>
						<line hits="0" number="1710"/>
						<line hits="0" number="1711"/>
						<line hits="0" number="1712"/>
						<line hits="0" number="1713"/>
						<line branch="true" condition-coverage="0% (0/2)" hits="0" missing-branches="1715,1716" number="1714"/>
						<line hits="0" number="1715"/>
						<line branch="true" condition-coverage="0% (0/2)" hits="0" missing-branches="1717,1734" number="1716"/>
						<line hits="0" number="1717"/>
						<line hits="0" number="1718"/>
						<line branch="true" condition-coverage="0% (0/2)" hits="0" missing-branches="1720,1721" number="1719"/>
						<line hits="0" number="1720"/>
						<line hits="0" number="1721"/>
						<line branch="true" condition-coverage="0% (0/2)" hits="0" missing-branches="1727,1732" number="1726"/>
						<line hits="0" number="1727"/>
						<line hits="0" number="1732"/>
						<line hits="0" number="1733"/>
						<line hits="0" number="1734"/>
						<line hits="0" number="1737"/>
						<line hits="0" number="1745"/>
						<line hits="0" number="1746"/>
						<line hits="0" number="1747"/>
						<line hits="0" number="1748"/>
						<line hits="0" number="1749"/>
						<line hits="0" number="1750"/>
						<line hits="0" number="1751"/>
						<line hits="0" number="1752"/>
						<line hits="0" number="1753"/>
						<line hits="0" number="1754"/>
						<line hits="0" number="1755"/>
						<line hits="0" number="1756"/>
						<line hits="0" number="1758"/>
						<line hits="0" number="1759"/>
						<line hits="0" number="1760"/>
						<line hits="0" number="1761"/>
						<line hits="0" number="1762"/>
						<line hits="0" number="1763"/>
						<line branch="true" condition-coverage="0% (0/2)" hits="0" missing-branches="1765,1766" number="1764"/>
						<line hits="0" number="1765"/>
						<line branch="true" condition-coverage="0% (0/2)" hits="0" missing-branches="exit,1767" number="1766"/>
						<line hits="0" number="1767"/>
						<line hits="0" number="1769"/>
						<line hits="0" number="1771"/>
						<line hits="0" number="1772"/>
						<line branch="true" condition-coverage="0% (0/2)" hits="0" missing-branches="1775,1776" number="1774"/>
						<line hits="0" number="1775"/>
						<line hits="0" number="1776"/>
						<line hits="0" number="1778"/>
						<line hits="0" number="1780"/>
						<line hits="0" number="1782"/>
						<line hits="0" number="1784"/>
						<line hits="0" number="1786"/>
						<line hits="0" number="1788"/>
						<line hits="0" number="1790"/>
						<line branch="true" condition-coverage="0% (0/2)" hits="0" missing-branches="1793,1795" number="1792"/>
						<line hits="0" number="1793"/>
						<line hits="0" number="1795"/>
						<line branch="true" condition-coverage="0% (0/2)" hits="0" missing-branches="1797,1799" number="1796"/>
						<line hits="0" number="1797"/>
						<line hits="0" number="1799"/>
						<line hits="0" number="1800"/>
						<line branch="true" condition-coverage="0% (0/2)" hits="0" missing-branches="1804,1807" number="1801"/>
						<line hits="0" number="1804"/>
						<line hits="0" number="1807"/>
						<line hits="0" number="1808"/>
						<line hits="0" number="1809"/>
						<line hits="0" number="1822"/>
						<line hits="0" number="1823"/>
						<line hits="0" number="1825"/>
						<line hits="0" number="1826"/>
						<line branch="true" condition-coverage="0% (0/2)" hits="0" missing-branches="exit,1833" number="1832"/>
						<line hits="0" number="1833"/>
						<line hits="0" number="1834"/>
						<line branch="true" condition-coverage="0% (0/2)" hits="0" missing-branches="1836,1837" number="1835"/>
						<line hits="0" number="1836"/>
						<line hits="0" number="1837"/>
						<line branch="true" condition-coverage="0% (0/2)" hits="0" missing-branches="exit,1839" number="1838"/>
						<line hits="0" number="1839"/>
						<line branch="true" condition-coverage="0% (0/2)" hits="0" missing-branches="1841,1848" number="1840"/>
						<line hits="0" number="1841"/>
						<line hits="0" number="1848"/>
						<line hits="0" number="1851"/>
						<line hits="0" number="1854"/>
						<line hits="0" number="1856"/>
						<line hits="0" number="1857"/>
						<line hits="0" number="1858"/>
						<line hits="0" number="1859"/>
						<line hits="0" number="1861"/>
						<line branch="true" condition-coverage="0% (0/2)" hits="0" missing-branches="1864,1866" number="1863"/>
						<line hits="0" number="1864"/>
						<line hits="0" number="1866"/>
						<line hits="0" number="1868"/>
						<line branch="true" condition-coverage="0% (0/2)" hits="0" missing-branches="1870,1871" number="1869"/>
						<line hits="0" number="1870"/>
						<line hits="0" number="1871"/>
						<line hits="0" number="1872"/>
						<line hits="0" number="1874"/>
						<line hits="0" number="1875"/>
						<line branch="true" condition-coverage="0% (0/2)" hits="0" missing-branches="1877,1878" number="1876"/>
						<line hits="0" number="1877"/>
						<line hits="0" number="1878"/>
						<line hits="0" number="1880"/>
						<line branch="true" condition-coverage="0% (0/2)" hits="0" missing-branches="1886,1887" number="1881"/>
						<line hits="0" number="1886"/>
						<line hits="0" number="1887"/>
						<line hits="0" number="1889"/>
						<line hits="0" number="1890"/>
						<line branch="true" condition-coverage="0% (0/2)" hits="0" missing-branches="1894,1898" number="1891"/>
						<line branch="true" condition-coverage="0% (0/2)" hits="0" missing-branches="1895,1898" number="1894"/>
						<line branch="true" condition-coverage="0% (0/2)" hits="0" missing-branches="1894,1896" number="1895"/>
						<line hits="0" number="1896"/>
						<line hits="0" number="1897"/>
						<line hits="0" number="1898"/>
						<line hits="0" number="1899"/>
						<line hits="0" number="1901"/>
						<line branch="true" condition-coverage="0% (0/2)" hits="0" missing-branches="1907,1908" number="1902"/>
						<line hits="0" number="1907"/>
						<line hits="0" number="1908"/>
						<line hits="0" number="1911"/>
						<line hits="0" number="1912"/>
						<line hits="0" number="1915"/>
						<line hits="0" number="1916"/>
					</lines>
				</class>
				<class branch-rate="0.1047" complexity="0" filename="/Users/lol/eventifyEnv/lib/python2.7/site-packages/django/contrib/admin/sites.py" line-rate="0.04762" name="sites.py">
					<methods/>
					<lines>
						<line hits="0" number="1"/>
						<line hits="0" number="3"/>
						<line hits="0" number="4"/>
						<line hits="0" number="5"/>
						<line hits="0" number="6"/>
						<line hits="0" number="7"/>
						<line hits="0" number="8"/>
						<line hits="0" number="9"/>
						<line hits="0" number="10"/>
						<line hits="0" number="11"/>
						<line hits="0" number="12"/>
						<line hits="0" number="13"/>
						<line hits="0" number="14"/>
						<line hits="0" number="15"/>
						<line hits="0" number="16"/>
						<line hits="0" number="17"/>
						<line hits="0" number="19"/>
						<line hits="0" number="22"/>
						<line hits="0" number="23"/>
						<line hits="0" number="26"/>
						<line hits="0" number="27"/>
						<line hits="0" number="30"/>
						<line hits="0" number="40"/>
						<line hits="0" number="43"/>
						<line hits="0" number="46"/>
						<line hits="0" number="49"/>
						<line hits="0" number="51"/>
						<line hits="0" number="53"/>
						<line hits="0" number="54"/>
						<line hits="0" number="55"/>
						<line hits="0" number="56"/>
						<line hits="0" number="57"/>
						<line hits="0" number="58"/>
						<line hits="0" number="59"/>
						<line hits="0" number="61"/>
						<line hits="0" number="62"/>
						<line hits="0" number="63"/>
						<line hits="0" number="64"/>
						<line hits="0" number="65"/>
						<line hits="0" number="67"/>
						<line branch="true" condition-coverage="50% (1/2)" hits="1" missing-branches="82" number="81"/>
						<line hits="0" number="82"/>
						<line branch="true" condition-coverage="50% (1/2)" hits="1" missing-branches="85" number="84"/>
						<line hits="0" number="85"/>
						<line branch="true" condition-coverage="100% (2/2)" hits="1" number="86"/>
						<line branch="true" condition-coverage="50% (1/2)" hits="1" missing-branches="88" number="87"/>
						<line hits="0" number="88"/>
						<line branch="true" condition-coverage="50% (1/2)" hits="1" missing-branches="92" number="91"/>
						<line hits="0" number="92"/>
						<line branch="true" condition-coverage="50% (1/2)" hits="1" missing-branches="86" number="96"/>
						<line branch="true" condition-coverage="50% (1/2)" hits="1" missing-branches="103" number="99"/>
						<line hits="0" number="103"/>
						<line hits="0" number="104"/>
						<line hits="1" number="107"/>
						<line branch="true" condition-coverage="50% (1/2)" hits="1" missing-branches="111" number="108"/>
						<line hits="1" number="109"/>
						<line hits="1" number="111"/>
						<line hits="0" number="113"/>
						<line branch="true" condition-coverage="0% (0/2)" hits="0" missing-branches="120,121" number="119"/>
						<line hits="0" number="120"/>
						<line branch="true" condition-coverage="0% (0/2)" hits="0" missing-branches="exit,122" number="121"/>
						<line branch="true" condition-coverage="0% (0/2)" hits="0" missing-branches="123,124" number="122"/>
						<line hits="0" number="123"/>
						<line hits="0" number="124"/>
						<line hits="0" number="126"/>
						<line hits="0" number="130"/>
						<line hits="0" number="132"/>
						<line hits="0" number="136"/>
						<line hits="0" number="137"/>
						<line hits="0" number="138"/>
						<line hits="0" number="140"/>
						<line hits="0" number="144"/>
						<line hits="0" number="146"/>
						<line hits="0" number="151"/>
						<line hits="0" number="153"/>
						<line hits="0" number="158"/>
						<line hits="0" number="160"/>
						<line hits="0" number="162"/>
						<line hits="0" number="164"/>
						<line hits="0" number="166"/>
						<line hits="0" number="168"/>
						<line hits="0" number="173"/>
						<line hits="0" number="175"/>
						<line branch="true" condition-coverage="0% (0/2)" hits="0" missing-branches="183,186" number="182"/>
						<line hits="0" number="183"/>
						<line branch="true" condition-coverage="0% (0/2)" hits="0" missing-branches="187,190" number="186"/>
						<line hits="0" number="187"/>
						<line hits="0" number="190"/>
						<line hits="0" number="191"/>
						<line hits="0" number="192"/>
						<line hits="0" number="200"/>
						<line branch="true" condition-coverage="0% (0/2)" hits="0" missing-branches="exit,204" number="202"/>
						<line hits="0" number="204"/>
						<line hits="0" number="209"/>
						<line hits="0" number="232"/>
						<line branch="true" condition-coverage="0% (0/2)" hits="0" missing-branches="234,244" number="233"/>
						<line branch="true" condition-coverage="0% (0/2)" hits="0" missing-branches="235,239" number="234"/>
						<line hits="0" number="235"/>
						<line hits="0" number="236"/>
						<line hits="0" number="239"/>
						<line hits="0" number="240"/>
						<line hits="0" number="244"/>
						<line branch="true" condition-coverage="0% (0/2)" hits="0" missing-branches="246,249" number="245"/>
						<line hits="0" number="246"/>
						<line branch="true" condition-coverage="0% (0/2)" hits="0" missing-branches="250,251" number="249"/>
						<line hits="0" number="250"/>
						<line hits="0" number="251"/>
						<line hits="0" number="253"/>
						<line hits="0" number="254"/>
						<line hits="0" number="258"/>
						<line branch="true" condition-coverage="0% (0/2)" hits="0" missing-branches="261,263" number="260"/>
						<line hits="0" number="261"/>
						<line hits="0" number="263"/>
						<line hits="0" number="264"/>
						<line hits="0" number="265"/>
						<line hits="0" number="266"/>
						<line hits="0" number="267"/>
						<line hits="0" number="270"/>
						<line hits="0" number="284"/>
						<line branch="true" condition-coverage="0% (0/2)" hits="0" missing-branches="286,294" number="285"/>
						<line hits="0" number="286"/>
						<line branch="true" condition-coverage="0% (0/2)" hits="0" missing-branches="285,290" number="289"/>
						<line hits="0" number="290"/>
						<line branch="true" condition-coverage="0% (0/2)" hits="0" missing-branches="295,299" number="294"/>
						<line hits="0" number="295"/>
						<line hits="0" number="296"/>
						<line hits="0" number="299"/>
						<line hits="0" number="301"/>
						<line hits="0" number="303"/>
						<line hits="0" number="305"/>
						<line hits="0" number="310"/>
						<line hits="0" number="318"/>
						<line hits="0" number="322"/>
						<line hits="0" number="323"/>
						<line hits="0" number="324"/>
						<line hits="0" number="325"/>
						<line branch="true" condition-coverage="0% (0/2)" hits="0" missing-branches="331,332" number="330"/>
						<line hits="0" number="331"/>
						<line hits="0" number="332"/>
						<line hits="0" number="333"/>
						<line hits="0" number="335"/>
						<line hits="0" number="339"/>
[...]
						<line hits="0" number="23"/>
						<line hits="0" number="25"/>
						<line hits="0" number="26"/>
						<line branch="true" condition-coverage="100% (2/2)" hits="1" number="29"/>
						<line hits="1" number="30"/>
						<line hits="1" number="31"/>
						<line hits="1" number="32"/>
						<line hits="1" number="33"/>
						<line hits="1" number="35"/>
						<line hits="1" number="37"/>
						<line hits="1" number="38"/>
						<line hits="1" number="39"/>
						<line hits="1" number="40"/>
						<line hits="1" number="42"/>
						<line hits="0" number="43"/>
						<line hits="1" number="45"/>
						<line hits="0" number="47"/>
						<line hits="1" number="49"/>
						<line hits="0" number="50"/>
						<line hits="0" number="51"/>
					</lines>
				</class>
				<class branch-rate="1" complexity="0" filename="/Users/lol/eventifyEnv/lib/python2.7/site-packages/django/contrib/sessions/models.py" line-rate="0.8182" name="models.py">
					<methods/>
					<lines>
						<line hits="1" number="1"/>
						<line hits="1" number="3"/>
						<line hits="1" number="8"/>
						<line hits="1" number="9"/>
						<line hits="1" number="12"/>
						<line hits="1" number="29"/>
						<line hits="1" number="31"/>
						<line hits="0" number="33"/>
						<line hits="0" number="34"/>
						<line hits="1" number="36"/>
						<line hits="1" number="37"/>
					</lines>
				</class>
			</classes>
		</package>
		<package branch-rate="1" complexity="0" line-rate="1" name=".Users.lol.eventifyEnv.lib.python2.7.site-packages.django.contrib.sessions.management">
			<classes>
				<class branch-rate="1" complexity="0" filename="/Users/lol/eventifyEnv/lib/python2.7/site-packages/django/contrib/sessions/management/__init__.py" line-rate="1" name="__init__.py">
					<methods/>
					<lines/>
				</class>
			</classes>
		</package>
		<package branch-rate="1" complexity="0" line-rate="1" name=".Users.lol.eventifyEnv.lib.python2.7.site-packages.django.contrib.staticfiles.management">
			<classes>
				<class branch-rate="1" complexity="0" filename="/Users/lol/eventifyEnv/lib/python2.7/site-packages/django/contrib/staticfiles/management/__init__.py" line-rate="1" name="__init__.py">
					<methods/>
					<lines/>
				</class>
			</classes>
		</package>
		<package branch-rate="0.125" complexity="0" line-rate="0.5051" name=".Users.lol.eventifyEnv.lib.python2.7.site-packages.django_jenkins">
			<classes>
				<class branch-rate="1" complexity="0" filename="/Users/lol/eventifyEnv/lib/python2.7/site-packages/django_jenkins/models.py" line-rate="1" name="models.py">
					<methods/>
					<lines/>
				</class>
				<class branch-rate="0.125" complexity="0" filename="/Users/lol/eventifyEnv/lib/python2.7/site-packages/django_jenkins/runner.py" line-rate="0.5051" name="runner.py">
					<methods/>
					<lines>
						<line hits="1" number="1"/>
						<line hits="1" number="2"/>
						<line hits="1" number="3"/>
						<line hits="1" number="4"/>
						<line hits="1" number="6"/>
						<line hits="1" number="8"/>
						<line hits="1" number="9"/>
						<line hits="1" number="12"/>
						<line hits="1" number="13"/>
						<line hits="1" number="14"/>
						<line hits="1" number="15"/>
						<line hits="1" number="16"/>
						<line hits="1" number="17"/>
						<line hits="1" number="19"/>
						<line hits="0" number="20"/>
						<line hits="0" number="21"/>
						<line hits="1" number="23"/>
						<line hits="1" number="24"/>
						<line hits="1" number="25"/>
						<line hits="1" number="26"/>
						<line hits="1" number="28"/>
						<line hits="0" number="29"/>
						<line hits="0" number="30"/>
						<line hits="1" number="32"/>
						<line hits="0" number="33"/>
						<line hits="0" number="34"/>
						<line hits="0" number="35"/>
						<line hits="0" number="36"/>
						<line hits="1" number="38"/>
						<line hits="0" number="39"/>
						<line hits="0" number="40"/>
						<line hits="0" number="41"/>
						<line hits="0" number="42"/>
						<line hits="1" number="44"/>
						<line hits="0" number="45"/>
						<line hits="0" number="46"/>
						<line hits="0" number="47"/>
						<line hits="0" number="48"/>
						<line hits="1" number="50"/>
						<line hits="0" number="51"/>
						<line hits="0" number="52"/>
						<line hits="0" number="53"/>
						<line hits="0" number="54"/>
						<line hits="1" number="56"/>
						<line hits="0" number="57"/>
						<line hits="0" number="58"/>
						<line hits="0" number="59"/>
						<line hits="0" number="60"/>
						<line hits="1" number="62"/>
						<line branch="true" condition-coverage="0% (0/2)" hits="0" missing-branches="64,74" number="63"/>
						<line hits="0" number="64"/>
						<line branch="true" condition-coverage="0% (0/2)" hits="0" missing-branches="66,69" number="65"/>
						<line hits="0" number="66"/>
						<line hits="0" number="67"/>
						<line hits="0" number="69"/>
						<line branch="true" condition-coverage="0% (0/2)" hits="0" missing-branches="71,74" number="70"/>
						<line hits="0" number="71"/>
						<line hits="0" number="72"/>
						<line hits="0" number="74"/>
						<line hits="1" number="76"/>
						<line hits="1" number="77"/>
						<line hits="1" number="78"/>
						<line hits="1" number="79"/>
						<line hits="1" number="80"/>
						<line hits="1" number="81"/>
						<line hits="1" number="82"/>
						<line hits="1" number="83"/>
						<line hits="1" number="84"/>
						<line hits="1" number="86"/>
						<line hits="0" number="87"/>
						<line hits="0" number="88"/>
						<line hits="0" number="89"/>
						<line hits="0" number="90"/>
						<line hits="0" number="91"/>
						<line hits="0" number="92"/>
						<line hits="0" number="94"/>
						<line hits="1" number="96"/>
						<line hits="0" number="98"/>
						<line hits="0" number="99"/>
						<line hits="1" number="101"/>
						<line hits="0" number="103"/>
						<line hits="0" number="104"/>
						<line hits="0" number="105"/>
						<line hits="0" number="106"/>
						<line hits="0" number="107"/>
						<line hits="1" number="109"/>
						<line branch="true" condition-coverage="50% (1/2)" hits="1" missing-branches="114" number="113"/>
						<line hits="0" number="114"/>
						<line hits="1" number="116"/>
						<line hits="1" number="117"/>
						<line hits="1" number="120"/>
						<line hits="1" number="121"/>
						<line hits="1" number="122"/>
						<line hits="1" number="123"/>
						<line hits="1" number="124"/>
						<line hits="1" number="126"/>
						<line hits="1" number="127"/>
						<line hits="1" number="134"/>
						<line hits="1" number="136"/>
					</lines>
				</class>
			</classes>
		</package>
		<package branch-rate="1" complexity="0" line-rate="1" name=".Users.lol.eventifyEnv.lib.python2.7.site-packages.django_jenkins.management">
			<classes>
				<class branch-rate="1" complexity="0" filename="/Users/lol/eventifyEnv/lib/python2.7/site-packages/django_jenkins/management/__init__.py" line-rate="1" name="__init__.py">
					<methods/>
					<lines/>
				</class>
			</classes>
		</package>
		<package branch-rate="0.5" complexity="0" line-rate="0.7957" name=".Users.lol.eventifyEnv.lib.python2.7.site-packages.django_jenkins.management.commands">
			<classes>
				<class branch-rate="1" complexity="0" filename="/Users/lol/eventifyEnv/lib/python2.7/site-packages/django_jenkins/management/commands/__init__.py" line-rate="1" name="__init__.py">
					<methods/>
					<lines/>
				</class>
				<class branch-rate="0.5" complexity="0" filename="/Users/lol/eventifyEnv/lib/python2.7/site-packages/django_jenkins/management/commands/jenkins.py" line-rate="0.7957" name="jenkins.py">
					<methods/>
					<lines>
						<line hits="1" number="1"/>
						<line hits="1" number="2"/>
						<line hits="1" number="3"/>
						<line hits="1" number="4"/>
						<line hits="1" number="6"/>
						<line hits="1" number="7"/>
						<line hits="1" number="8"/>
						<line hits="1" number="10"/>
						<line hits="1" number="13"/>
						<line branch="true" condition-coverage="50% (1/2)" hits="1" missing-branches="18" number="14"/>
						<line hits="1" number="15"/>
						<line hits="1" number="18"/>
						<line hits="1" number="19"/>
						<line hits="1" number="20"/>
						<line branch="true" condition-coverage="50% (1/2)" hits="1" missing-branches="23" number="22"/>
						<line hits="0" number="23"/>
						<line hits="1" number="25"/>
						<line hits="1" number="28"/>
						<line hits="1" number="29"/>
						<line hits="1" number="30"/>
						<line hits="1" number="31"/>
						<line hits="1" number="33"/>
						<line hits="1" number="34"/>
						<line hits="1" number="36"/>
						<line hits="1" number="42"/>
						<line branch="true" condition-coverage="100% (2/2)" hits="1" number="43"/>
						<line branch="true" condition-coverage="50% (1/2)" hits="1" missing-branches="45" number="44"/>
						<line hits="0" number="45"/>
						<line hits="0" number="46"/>
						<line hits="1" number="47"/>
						<line hits="1" number="49"/>
						<line hits="1" number="50"/>
						<line hits="1" number="52"/>
						<line hits="1" number="53"/>
						<line hits="1" number="54"/>
						<line hits="1" number="56"/>
						<line hits="1" number="59"/>
						<line hits="1" number="62"/>
						<line hits="1" number="66"/>
						<line hits="1" number="70"/>
						<line hits="1" number="73"/>
						<line hits="1" number="77"/>
						<line branch="true" condition-coverage="100% (2/2)" hits="1" number="78"/>
						<line branch="true" condition-coverage="50% (1/2)" hits="1" missing-branches="78" number="79"/>
						<line hits="1" number="80"/>
						<line hits="1" number="82"/>
						<line branch="true" condition-coverage="50% (1/2)" hits="1" missing-branches="exit" number="84"/>
						<line hits="1" number="85"/>
						<line hits="1" number="87"/>
						<line hits="1" number="88"/>
						<line hits="1" number="89"/>
						<line branch="true" condition-coverage="50% (1/2)" hits="1" missing-branches="92" number="91"/>
						<line hits="0" number="92"/>
						<line hits="0" number="93"/>
						<line hits="1" number="95"/>
						<line branch="true" condition-coverage="50% (1/2)" hits="1" missing-branches="97" number="96"/>
						<line hits="0" number="97"/>
						<line hits="1" number="99"/>
						<line branch="true" condition-coverage="50% (1/2)" hits="1" missing-branches="102" number="101"/>
						<line hits="0" number="102"/>
						<line hits="1" number="104"/>
						<line branch="true" condition-coverage="50% (1/2)" hits="1" missing-branches="107" number="106"/>
						<line hits="0" number="107"/>
						<line hits="1" number="109"/>
						<line hits="1" number="111"/>
						<line branch="true" condition-coverage="50% (1/2)" hits="1" missing-branches="119" number="112"/>
						<line branch="true" condition-coverage="50% (1/2)" hits="1" missing-branches="116" number="113"/>
						<line hits="1" number="114"/>
						<line hits="1" number="116"/>
						<line branch="true" condition-coverage="0% (0/2)" hits="0" missing-branches="120,124" number="119"/>
						<line branch="true" condition-coverage="0% (0/2)" hits="0" missing-branches="121,122" number="120"/>
						<line hits="0" number="121"/>
						<line hits="0" number="122"/>
						<line branch="true" condition-coverage="0% (0/2)" hits="0" missing-branches="exit,125" number="124"/>
						<line hits="0" number="125"/>
						<line hits="1" number="127"/>
						<line hits="1" number="128"/>
						<line hits="1" number="130"/>
						<line branch="true" condition-coverage="50% (1/2)" hits="1" missing-branches="132" number="131"/>
						<line hits="0" number="132"/>
						<line branch="true" condition-coverage="50% (1/2)" hits="1" missing-branches="134" number="133"/>
						<line hits="0" number="134"/>
						<line branch="true" condition-coverage="50% (1/2)" hits="1" missing-branches="136" number="135"/>
						<line hits="0" number="136"/>
						<line hits="0" number="137"/>
						<line hits="1" number="139"/>
						<line hits="1" number="140"/>
						<line branch="true" condition-coverage="100% (2/2)" hits="1" number="142"/>
						<line hits="1" number="143"/>
						<line branch="true" condition-coverage="50% (1/2)" hits="1" missing-branches="147" number="144"/>
						<line hits="1" number="145"/>
						<line hits="0" number="147"/>
						<line hits="1" number="149"/>
					</lines>
				</class>
			</classes>
		</package>
		<package branch-rate="0.04" complexity="0" line-rate="0.2" name=".Users.lol.eventifyEnv.lib.python2.7.site-packages.django_jenkins.tasks">
			<classes>
				<class branch-rate="0" complexity="0" filename="/Users/lol/eventifyEnv/lib/python2.7/site-packages/django_jenkins/tasks/run_pep8.py" line-rate="0.3023" name="run_pep8.py">
					<methods/>
					<lines>
						<line hits="1" number="1"/>
						<line hits="1" number="2"/>
						<line hits="1" number="4"/>
						<line hits="1" number="6"/>
						<line hits="1" number="9"/>
						<line hits="1" number="10"/>
						<line hits="1" number="11"/>
						<line hits="1" number="16"/>
						<line hits="1" number="18"/>
						<line hits="1" number="20"/>
						<line hits="1" number="23"/>
						<line hits="1" number="26"/>
						<line hits="0" number="27"/>
						<line hits="0" number="29"/>
						<line hits="0" number="30"/>
						<line hits="0" number="31"/>
						<line branch="true" condition-coverage="0% (0/2)" hits="0" missing-branches="exit,33" number="32"/>
						<line hits="0" number="33"/>
						<line hits="0" number="34"/>
						<line hits="0" number="36"/>
						<line hits="0" number="37"/>
						<line branch="true" condition-coverage="0% (0/2)" hits="0" missing-branches="39,41" number="38"/>
						<line hits="0" number="39"/>
						<line hits="0" number="41"/>
						<line hits="0" number="44"/>
						<line hits="0" number="46"/>
						<line hits="0" number="48"/>
						<line hits="0" number="51"/>
						<line hits="0" number="56"/>
						<line branch="true" condition-coverage="0% (0/2)" hits="0" missing-branches="58,59" number="57"/>
						<line hits="0" number="58"/>
						<line hits="0" number="59"/>
						<line hits="0" number="61"/>
						<line hits="1" number="63"/>
						<line branch="true" condition-coverage="0% (0/2)" hits="0" missing-branches="65,67" number="64"/>
						<line hits="0" number="65"/>
						<line hits="0" number="67"/>
						<line branch="true" condition-coverage="0% (0/2)" hits="0" missing-branches="69,71" number="68"/>
						<line hits="0" number="69"/>
						<line branch="true" condition-coverage="0% (0/2)" hits="0" missing-branches="72,74" number="71"/>
						<line hits="0" number="72"/>
						<line branch="true" condition-coverage="0% (0/2)" hits="0" missing-branches="exit,75" number="74"/>
						<line hits="0" number="75"/>
					</lines>
				</class>
				<class branch-rate="0.1176" complexity="0" filename="/Users/lol/eventifyEnv/lib/python2.7/site-packages/django_jenkins/tasks/run_pyflakes.py" line-rate="0.2941" name="run_pyflakes.py">
					<methods/>
					<lines>
						<line hits="1" number="2"/>
						<line hits="1" number="3"/>
						<line hits="1" number="4"/>
						<line hits="1" number="5"/>
						<line hits="1" number="7"/>
						<line hits="1" number="8"/>
						<line hits="0" number="9"/>
						<line hits="0" number="10"/>
						<line hits="1" number="13"/>
						<line hits="1" number="14"/>
						<line hits="1" number="15"/>
						<line hits="1" number="21"/>
						<line hits="0" number="22"/>
						<line hits="0" number="25"/>
						<line hits="0" number="26"/>
						<line hits="0" number="27"/>
						<line branch="true" condition-coverage="0% (0/2)" hits="0" missing-branches="29,41" number="28"/>
						<line branch="true" condition-coverage="0% (0/2)" hits="0" missing-branches="30,39" number="29"/>
						<line branch="true" condition-coverage="0% (0/2)" hits="0" missing-branches="28,31" number="30"/>
						<line branch="true" condition-coverage="0% (0/3)" hits="0" missing-branches="exit,33,35" number="31"/>
						<line hits="0" number="33"/>
						<line branch="true" condition-coverage="0% (0/2)" hits="0" missing-branches="30,36" number="35"/>
						<line branch="true" condition-coverage="0% (0/2)" hits="0" missing-branches="35,37" number="36"/>
						<line hits="0" number="37"/>
						<line hits="0" number="39"/>
						<line hits="0" number="41"/>
						<line hits="0" number="44"/>
						<line branch="true" condition-coverage="100% (2/2)" hits="0" number="46"/>
						<line hits="0" number="47"/>
						<line branch="true" condition-coverage="0% (0/2)" hits="0" missing-branches="49,50" number="48"/>
						<line hits="0" number="49"/>
						<line hits="0" number="50"/>
						<line hits="0" number="51"/>
						<line hits="0" number="53"/>
					</lines>
				</class>
				<class branch-rate="0" complexity="0" filename="/Users/lol/eventifyEnv/lib/python2.7/site-packages/django_jenkins/tasks/with_coverage.py" line-rate="0.02326" name="with_coverage.py">
					<methods/>
					<lines>
						<line hits="0" number="1"/>
						<line hits="0" number="2"/>
						<line hits="0" number="3"/>
						<line hits="0" number="5"/>
						<line hits="0" number="8"/>
						<line hits="0" number="9"/>
						<line hits="0" number="10"/>
						<line hits="0" number="11"/>
						<line hits="0" number="12"/>
						<line hits="0" number="13"/>
						<line branch="true" condition-coverage="0% (0/2)" hits="0" missing-branches="16,18" number="15"/>
						<line hits="0" number="16"/>
						<line hits="0" number="18"/>
						<line branch="true" condition-coverage="0% (0/2)" hits="0" missing-branches="20,23" number="19"/>
						<line branch="true" condition-coverage="0% (0/2)" hits="0" missing-branches="19,21" number="20"/>
						<line hits="0" number="21"/>
						<line hits="0" number="23"/>
						<line hits="0" number="26"/>
						<line hits="0" number="28"/>
						<line hits="1" number="29"/>
						<line hits="0" number="30"/>
						<line hits="0" number="31"/>
						<line branch="true" condition-coverage="0% (0/2)" hits="0" missing-branches="34,35" number="33"/>
						<line hits="0" number="34"/>
						<line branch="true" condition-coverage="0% (0/2)" hits="0" missing-branches="36,37" number="35"/>
						<line hits="0" number="36"/>
						<line branch="true" condition-coverage="0% (0/2)" hits="0" missing-branches="exit,39" number="37"/>
						<line hits="0" number="39"/>
						<line hits="0" number="41"/>
						<line hits="0" number="42"/>
						<line hits="0" number="45"/>
						<line branch="true" condition-coverage="0% (0/2)" hits="0" missing-branches="47,53" number="46"/>
						<line hits="0" number="47"/>
						<line hits="0" number="48"/>
						<line hits="0" number="49"/>
						<line hits="0" number="50"/>
						<line hits="0" number="53"/>
						<line branch="true" condition-coverage="0% (0/3)" hits="0" missing-branches="exit,exit,exit" number="55"/>
						<line hits="0" number="61"/>
						<line hits="0" number="62"/>
						<line branch="true" condition-coverage="0% (0/2)" hits="0" missing-branches="64,65" number="63"/>
						<line hits="0" number="64"/>
						<line hits="0" number="65"/>
					</lines>
				</class>
			</classes>
		</package>
		<package branch-rate="1" complexity="0" line-rate="1" name=".Users.lol.eventifyEnv.lib.python2.7.site-packages.rest_framework">
			<classes>
				<class branch-rate="1" complexity="0" filename="/Users/lol/eventifyEnv/lib/python2.7/site-packages/rest_framework/__init__.py" line-rate="1" name="__init__.py">
					<methods/>
					<lines>
						<line hits="1" number="10"/>
						<line hits="1" number="11"/>
						<line hits="1" number="12"/>
						<line hits="1" number="13"/>
						<line hits="1" number="14"/>
						<line hits="1" number="17"/>
						<line hits="1" number="20"/>
						<line hits="1" number="23"/>
					</lines>
				</class>
				<class branch-rate="1" complexity="0" filename="/Users/lol/eventifyEnv/lib/python2.7/site-packages/rest_framework/models.py" line-rate="1" name="models.py">
					<methods/>
					<lines/>
				</class>
			</classes>
		</package>
	</packages>
</coverage>
